2015/07/31 13:51:02 [error] [exception.CException] exception 'CException' with message 'CAssetManager.basePath "C:\inetpub\wwwroot\massaki\Rechnungstool\assets" is invalid. Please make sure the directory exists and is writable by the Web server process.' in C:\inetpub\wwwroot\massaki\framework\web\CAssetManager.php:138
Stack trace:
#0 C:\inetpub\wwwroot\massaki\framework\web\CAssetManager.php(123): CAssetManager->setBasePath('C:\\inetpub\\wwwr...')
#1 C:\inetpub\wwwroot\massaki\framework\web\CAssetManager.php(217): CAssetManager->getBasePath()
#2 C:\inetpub\wwwroot\massaki\framework\web\CClientScript.php(511): CAssetManager->publish('C:\\inetpub\\wwwr...')
#3 C:\inetpub\wwwroot\massaki\framework\web\CClientScript.php(548): CClientScript->getCoreScriptUrl()
#4 C:\inetpub\wwwroot\massaki\framework\web\CClientScript.php(349): CClientScript->getPackageBaseUrl('jquery')
#5 C:\inetpub\wwwroot\massaki\framework\web\CClientScript.php(208): CClientScript->renderCoreScripts()
#6 C:\inetpub\wwwroot\massaki\framework\web\CController.php(351): CClientScript->render('<!DOCTYPE html>...')
#7 C:\inetpub\wwwroot\massaki\framework\web\CController.php(788): CController->processOutput('<!DOCTYPE html>...')
#8 C:\inetpub\wwwroot\massaki\Rechnungstool\protected\controllers\SiteController.php(72): CController->render('contact', Array)
#9 C:\inetpub\wwwroot\massaki\framework\web\actions\CInlineAction.php(49): SiteController->actionContact()
#10 C:\inetpub\wwwroot\massaki\framework\web\CController.php(308): CInlineAction->runWithParams(Array)
#11 C:\inetpub\wwwroot\massaki\framework\web\CController.php(286): CController->runAction(Object(CInlineAction))
#12 C:\inetpub\wwwroot\massaki\framework\web\CController.php(265): CController->runActionWithFilters(Object(CInlineAction), Array)
#13 C:\inetpub\wwwroot\massaki\framework\web\CWebApplication.php(282): CController->run('contact')
#14 C:\inetpub\wwwroot\massaki\framework\web\CWebApplication.php(141): CWebApplication->runController('site/contact')
#15 C:\inetpub\wwwroot\massaki\framework\base\CApplication.php(184): CWebApplication->processRequest()
#16 C:\inetpub\wwwroot\massaki\Rechnungstool\index.php(13): CApplication->run()
#17 {main}
REQUEST_URI=/massaki/rechnungstool/index.php?r=site/contact
---
2015/08/14 15:39:49 [error] [php] include(Jva_data.php): failed to open stream: No such file or directory (C:\inetpub\wwwroot\massaki\framework\YiiBase.php:432)
Stack trace:
#0 C:\inetpub\wwwroot\massaki\Rechnungstool\protected\controllers\SiteController.php(30): spl_autoload_call()
#1 C:\inetpub\wwwroot\massaki\framework\web\actions\CInlineAction.php(49): SiteController->actionIndex()
#2 C:\inetpub\wwwroot\massaki\framework\web\CController.php(308): CInlineAction->runWithParams()
#3 C:\inetpub\wwwroot\massaki\framework\web\CController.php(286): SiteController->runAction()
#4 C:\inetpub\wwwroot\massaki\framework\web\CController.php(265): SiteController->runActionWithFilters()
#5 C:\inetpub\wwwroot\massaki\framework\web\CWebApplication.php(282): SiteController->run()
#6 C:\inetpub\wwwroot\massaki\framework\web\CWebApplication.php(141): CWebApplication->runController()
#7 C:\inetpub\wwwroot\massaki\framework\base\CApplication.php(184): CWebApplication->processRequest()
#8 C:\inetpub\wwwroot\massaki\Rechnungstool\index.php(13): CWebApplication->run()
REQUEST_URI=/massaki/Rechnungstool/index.php?r=site/index
in C:\inetpub\wwwroot\massaki\Rechnungstool\protected\controllers\SiteController.php (30)
in C:\inetpub\wwwroot\massaki\Rechnungstool\index.php (13)
2015/08/14 15:40:18 [error] [php] Use of undefined constant AR - assumed 'AR' (C:\inetpub\wwwroot\massaki\Rechnungstool\protected\controllers\SiteController.php:30)
Stack trace:
#0 C:\inetpub\wwwroot\massaki\framework\web\CController.php(286): SiteController->runAction()
#1 C:\inetpub\wwwroot\massaki\framework\web\CController.php(265): SiteController->runActionWithFilters()
#2 C:\inetpub\wwwroot\massaki\framework\web\CWebApplication.php(282): SiteController->run()
#3 C:\inetpub\wwwroot\massaki\framework\web\CWebApplication.php(141): CWebApplication->runController()
#4 C:\inetpub\wwwroot\massaki\framework\base\CApplication.php(184): CWebApplication->processRequest()
#5 C:\inetpub\wwwroot\massaki\Rechnungstool\index.php(13): CWebApplication->run()
REQUEST_URI=/massaki/Rechnungstool/index.php?r=site/index
in C:\inetpub\wwwroot\massaki\Rechnungstool\protected\controllers\SiteController.php (30)
in C:\inetpub\wwwroot\massaki\Rechnungstool\index.php (13)
2015/08/14 15:40:40 [error] [php] Invalid argument supplied for foreach() (C:\inetpub\wwwroot\massaki\framework\db\ar\CActiveRecord.php:2411)
Stack trace:
#0 C:\inetpub\wwwroot\massaki\framework\db\ar\CActiveRecord.php(1355): Jva_data->getTableSchema()
#1 C:\inetpub\wwwroot\massaki\framework\db\ar\CActiveRecord.php(1461): Jva_data->query()
#2 C:\inetpub\wwwroot\massaki\Rechnungstool\protected\controllers\SiteController.php(39): Jva_data->find()
#3 C:\inetpub\wwwroot\massaki\framework\web\actions\CInlineAction.php(49): SiteController->actionIndex()
#4 C:\inetpub\wwwroot\massaki\framework\web\CController.php(308): CInlineAction->runWithParams()
#5 C:\inetpub\wwwroot\massaki\framework\web\CController.php(286): SiteController->runAction()
#6 C:\inetpub\wwwroot\massaki\framework\web\CController.php(265): SiteController->runActionWithFilters()
#7 C:\inetpub\wwwroot\massaki\framework\web\CWebApplication.php(282): SiteController->run()
#8 C:\inetpub\wwwroot\massaki\framework\web\CWebApplication.php(141): CWebApplication->runController()
#9 C:\inetpub\wwwroot\massaki\framework\base\CApplication.php(184): CWebApplication->processRequest()
#10 C:\inetpub\wwwroot\massaki\Rechnungstool\index.php(13): CWebApplication->run()
REQUEST_URI=/massaki/Rechnungstool/index.php?r=site/index
in C:\inetpub\wwwroot\massaki\Rechnungstool\protected\controllers\SiteController.php (39)
in C:\inetpub\wwwroot\massaki\Rechnungstool\index.php (13)
2015/08/14 15:59:09 [error] [php] Invalid argument supplied for foreach() (C:\inetpub\wwwroot\massaki\framework\db\ar\CActiveRecord.php:2411)
Stack trace:
#0 C:\inetpub\wwwroot\massaki\framework\db\ar\CActiveRecord.php(1490): Jva_data->getTableSchema()
#1 C:\inetpub\wwwroot\massaki\Rechnungstool\protected\controllers\SiteController.php(31): Jva_data->findByPk()
#2 C:\inetpub\wwwroot\massaki\framework\web\actions\CInlineAction.php(49): SiteController->actionIndex()
#3 C:\inetpub\wwwroot\massaki\framework\web\CController.php(308): CInlineAction->runWithParams()
#4 C:\inetpub\wwwroot\massaki\framework\web\CController.php(286): SiteController->runAction()
#5 C:\inetpub\wwwroot\massaki\framework\web\CController.php(265): SiteController->runActionWithFilters()
#6 C:\inetpub\wwwroot\massaki\framework\web\CWebApplication.php(282): SiteController->run()
#7 C:\inetpub\wwwroot\massaki\framework\web\CWebApplication.php(141): CWebApplication->runController()
#8 C:\inetpub\wwwroot\massaki\framework\base\CApplication.php(184): CWebApplication->processRequest()
#9 C:\inetpub\wwwroot\massaki\Rechnungstool\index.php(13): CWebApplication->run()
REQUEST_URI=/massaki/Rechnungstool/index.php?r=site/index
in C:\inetpub\wwwroot\massaki\Rechnungstool\protected\controllers\SiteController.php (31)
in C:\inetpub\wwwroot\massaki\Rechnungstool\index.php (13)
2015/08/14 15:59:11 [error] [php] Invalid argument supplied for foreach() (C:\inetpub\wwwroot\massaki\framework\db\ar\CActiveRecord.php:2411)
Stack trace:
#0 C:\inetpub\wwwroot\massaki\framework\db\ar\CActiveRecord.php(1490): Jva_data->getTableSchema()
#1 C:\inetpub\wwwroot\massaki\Rechnungstool\protected\controllers\SiteController.php(31): Jva_data->findByPk()
#2 C:\inetpub\wwwroot\massaki\framework\web\actions\CInlineAction.php(49): SiteController->actionIndex()
#3 C:\inetpub\wwwroot\massaki\framework\web\CController.php(308): CInlineAction->runWithParams()
#4 C:\inetpub\wwwroot\massaki\framework\web\CController.php(286): SiteController->runAction()
#5 C:\inetpub\wwwroot\massaki\framework\web\CController.php(265): SiteController->runActionWithFilters()
#6 C:\inetpub\wwwroot\massaki\framework\web\CWebApplication.php(282): SiteController->run()
#7 C:\inetpub\wwwroot\massaki\framework\web\CWebApplication.php(141): CWebApplication->runController()
#8 C:\inetpub\wwwroot\massaki\framework\base\CApplication.php(184): CWebApplication->processRequest()
#9 C:\inetpub\wwwroot\massaki\Rechnungstool\index.php(13): CWebApplication->run()
REQUEST_URI=/massaki/Rechnungstool/index.php?r=site/index
in C:\inetpub\wwwroot\massaki\Rechnungstool\protected\controllers\SiteController.php (31)
in C:\inetpub\wwwroot\massaki\Rechnungstool\index.php (13)
2015/08/14 15:59:28 [error] [php] Invalid argument supplied for foreach() (C:\inetpub\wwwroot\massaki\framework\db\ar\CActiveRecord.php:2411)
Stack trace:
#0 C:\inetpub\wwwroot\massaki\framework\db\ar\CActiveRecord.php(1490): Jva_data->getTableSchema()
#1 C:\inetpub\wwwroot\massaki\Rechnungstool\protected\controllers\SiteController.php(31): Jva_data->findByPk()
#2 C:\inetpub\wwwroot\massaki\framework\web\actions\CInlineAction.php(49): SiteController->actionIndex()
#3 C:\inetpub\wwwroot\massaki\framework\web\CController.php(308): CInlineAction->runWithParams()
#4 C:\inetpub\wwwroot\massaki\framework\web\CController.php(286): SiteController->runAction()
#5 C:\inetpub\wwwroot\massaki\framework\web\CController.php(265): SiteController->runActionWithFilters()
#6 C:\inetpub\wwwroot\massaki\framework\web\CWebApplication.php(282): SiteController->run()
#7 C:\inetpub\wwwroot\massaki\framework\web\CWebApplication.php(141): CWebApplication->runController()
#8 C:\inetpub\wwwroot\massaki\framework\base\CApplication.php(184): CWebApplication->processRequest()
#9 C:\inetpub\wwwroot\massaki\Rechnungstool\index.php(13): CWebApplication->run()
REQUEST_URI=/massaki/Rechnungstool/index.php?r=site/index
in C:\inetpub\wwwroot\massaki\Rechnungstool\protected\controllers\SiteController.php (31)
in C:\inetpub\wwwroot\massaki\Rechnungstool\index.php (13)
2015/08/14 15:59:30 [error] [php] Invalid argument supplied for foreach() (C:\inetpub\wwwroot\massaki\framework\db\ar\CActiveRecord.php:2411)
Stack trace:
#0 C:\inetpub\wwwroot\massaki\framework\db\ar\CActiveRecord.php(1490): Jva_data->getTableSchema()
#1 C:\inetpub\wwwroot\massaki\Rechnungstool\protected\controllers\SiteController.php(31): Jva_data->findByPk()
#2 C:\inetpub\wwwroot\massaki\framework\web\actions\CInlineAction.php(49): SiteController->actionIndex()
#3 C:\inetpub\wwwroot\massaki\framework\web\CController.php(308): CInlineAction->runWithParams()
#4 C:\inetpub\wwwroot\massaki\framework\web\CController.php(286): SiteController->runAction()
#5 C:\inetpub\wwwroot\massaki\framework\web\CController.php(265): SiteController->runActionWithFilters()
#6 C:\inetpub\wwwroot\massaki\framework\web\CWebApplication.php(282): SiteController->run()
#7 C:\inetpub\wwwroot\massaki\framework\web\CWebApplication.php(141): CWebApplication->runController()
#8 C:\inetpub\wwwroot\massaki\framework\base\CApplication.php(184): CWebApplication->processRequest()
#9 C:\inetpub\wwwroot\massaki\Rechnungstool\index.php(13): CWebApplication->run()
REQUEST_URI=/massaki/Rechnungstool/index.php
in C:\inetpub\wwwroot\massaki\Rechnungstool\protected\controllers\SiteController.php (31)
in C:\inetpub\wwwroot\massaki\Rechnungstool\index.php (13)
2015/08/14 15:59:33 [error] [php] Invalid argument supplied for foreach() (C:\inetpub\wwwroot\massaki\framework\db\ar\CActiveRecord.php:2411)
Stack trace:
#0 C:\inetpub\wwwroot\massaki\framework\db\ar\CActiveRecord.php(1490): Jva_data->getTableSchema()
#1 C:\inetpub\wwwroot\massaki\Rechnungstool\protected\controllers\SiteController.php(31): Jva_data->findByPk()
#2 C:\inetpub\wwwroot\massaki\framework\web\actions\CInlineAction.php(49): SiteController->actionIndex()
#3 C:\inetpub\wwwroot\massaki\framework\web\CController.php(308): CInlineAction->runWithParams()
#4 C:\inetpub\wwwroot\massaki\framework\web\CController.php(286): SiteController->runAction()
#5 C:\inetpub\wwwroot\massaki\framework\web\CController.php(265): SiteController->runActionWithFilters()
#6 C:\inetpub\wwwroot\massaki\framework\web\CWebApplication.php(282): SiteController->run()
#7 C:\inetpub\wwwroot\massaki\framework\web\CWebApplication.php(141): CWebApplication->runController()
#8 C:\inetpub\wwwroot\massaki\framework\base\CApplication.php(184): CWebApplication->processRequest()
#9 C:\inetpub\wwwroot\massaki\Rechnungstool\index.php(13): CWebApplication->run()
REQUEST_URI=/massaki/Rechnungstool/index.php?r=site/index
in C:\inetpub\wwwroot\massaki\Rechnungstool\protected\controllers\SiteController.php (31)
in C:\inetpub\wwwroot\massaki\Rechnungstool\index.php (13)
2015/08/14 16:00:27 [error] [php] Invalid argument supplied for foreach() (C:\inetpub\wwwroot\massaki\framework\db\ar\CActiveRecord.php:2411)
Stack trace:
#0 C:\inetpub\wwwroot\massaki\framework\db\ar\CActiveRecord.php(1490): Jva_data->getTableSchema()
#1 C:\inetpub\wwwroot\massaki\Rechnungstool\protected\controllers\SiteController.php(30): Jva_data->findByPk()
#2 C:\inetpub\wwwroot\massaki\framework\web\actions\CInlineAction.php(49): SiteController->actionIndex()
#3 C:\inetpub\wwwroot\massaki\framework\web\CController.php(308): CInlineAction->runWithParams()
#4 C:\inetpub\wwwroot\massaki\framework\web\CController.php(286): SiteController->runAction()
#5 C:\inetpub\wwwroot\massaki\framework\web\CController.php(265): SiteController->runActionWithFilters()
#6 C:\inetpub\wwwroot\massaki\framework\web\CWebApplication.php(282): SiteController->run()
#7 C:\inetpub\wwwroot\massaki\framework\web\CWebApplication.php(141): CWebApplication->runController()
#8 C:\inetpub\wwwroot\massaki\framework\base\CApplication.php(184): CWebApplication->processRequest()
#9 C:\inetpub\wwwroot\massaki\Rechnungstool\index.php(13): CWebApplication->run()
REQUEST_URI=/massaki/Rechnungstool/index.php?r=site/index
in C:\inetpub\wwwroot\massaki\Rechnungstool\protected\controllers\SiteController.php (30)
in C:\inetpub\wwwroot\massaki\Rechnungstool\index.php (13)
2015/08/14 16:00:29 [error] [php] Invalid argument supplied for foreach() (C:\inetpub\wwwroot\massaki\framework\db\ar\CActiveRecord.php:2411)
Stack trace:
#0 C:\inetpub\wwwroot\massaki\framework\db\ar\CActiveRecord.php(1490): Jva_data->getTableSchema()
#1 C:\inetpub\wwwroot\massaki\Rechnungstool\protected\controllers\SiteController.php(30): Jva_data->findByPk()
#2 C:\inetpub\wwwroot\massaki\framework\web\actions\CInlineAction.php(49): SiteController->actionIndex()
#3 C:\inetpub\wwwroot\massaki\framework\web\CController.php(308): CInlineAction->runWithParams()
#4 C:\inetpub\wwwroot\massaki\framework\web\CController.php(286): SiteController->runAction()
#5 C:\inetpub\wwwroot\massaki\framework\web\CController.php(265): SiteController->runActionWithFilters()
#6 C:\inetpub\wwwroot\massaki\framework\web\CWebApplication.php(282): SiteController->run()
#7 C:\inetpub\wwwroot\massaki\framework\web\CWebApplication.php(141): CWebApplication->runController()
#8 C:\inetpub\wwwroot\massaki\framework\base\CApplication.php(184): CWebApplication->processRequest()
#9 C:\inetpub\wwwroot\massaki\Rechnungstool\index.php(13): CWebApplication->run()
REQUEST_URI=/massaki/Rechnungstool/index.php?r=site/index
in C:\inetpub\wwwroot\massaki\Rechnungstool\protected\controllers\SiteController.php (30)
in C:\inetpub\wwwroot\massaki\Rechnungstool\index.php (13)
2015/08/14 16:02:51 [error] [php] Invalid argument supplied for foreach() (C:\inetpub\wwwroot\massaki\framework\db\ar\CActiveRecord.php:2411)
Stack trace:
#0 C:\inetpub\wwwroot\massaki\framework\db\ar\CActiveRecord.php(1355): Jva_data->getTableSchema()
#1 C:\inetpub\wwwroot\massaki\framework\db\ar\CActiveRecord.php(1475): Jva_data->query()
#2 C:\inetpub\wwwroot\massaki\Rechnungstool\protected\controllers\SiteController.php(30): Jva_data->findAll()
#3 C:\inetpub\wwwroot\massaki\framework\web\actions\CInlineAction.php(49): SiteController->actionIndex()
#4 C:\inetpub\wwwroot\massaki\framework\web\CController.php(308): CInlineAction->runWithParams()
#5 C:\inetpub\wwwroot\massaki\framework\web\CController.php(286): SiteController->runAction()
#6 C:\inetpub\wwwroot\massaki\framework\web\CController.php(265): SiteController->runActionWithFilters()
#7 C:\inetpub\wwwroot\massaki\framework\web\CWebApplication.php(282): SiteController->run()
#8 C:\inetpub\wwwroot\massaki\framework\web\CWebApplication.php(141): CWebApplication->runController()
#9 C:\inetpub\wwwroot\massaki\framework\base\CApplication.php(184): CWebApplication->processRequest()
#10 C:\inetpub\wwwroot\massaki\Rechnungstool\index.php(13): CWebApplication->run()
REQUEST_URI=/massaki/Rechnungstool/index.php?r=site/index
in C:\inetpub\wwwroot\massaki\Rechnungstool\protected\controllers\SiteController.php (30)
in C:\inetpub\wwwroot\massaki\Rechnungstool\index.php (13)
2015/08/14 16:02:52 [error] [php] Invalid argument supplied for foreach() (C:\inetpub\wwwroot\massaki\framework\db\ar\CActiveRecord.php:2411)
Stack trace:
#0 C:\inetpub\wwwroot\massaki\framework\db\ar\CActiveRecord.php(1355): Jva_data->getTableSchema()
#1 C:\inetpub\wwwroot\massaki\framework\db\ar\CActiveRecord.php(1475): Jva_data->query()
#2 C:\inetpub\wwwroot\massaki\Rechnungstool\protected\controllers\SiteController.php(30): Jva_data->findAll()
#3 C:\inetpub\wwwroot\massaki\framework\web\actions\CInlineAction.php(49): SiteController->actionIndex()
#4 C:\inetpub\wwwroot\massaki\framework\web\CController.php(308): CInlineAction->runWithParams()
#5 C:\inetpub\wwwroot\massaki\framework\web\CController.php(286): SiteController->runAction()
#6 C:\inetpub\wwwroot\massaki\framework\web\CController.php(265): SiteController->runActionWithFilters()
#7 C:\inetpub\wwwroot\massaki\framework\web\CWebApplication.php(282): SiteController->run()
#8 C:\inetpub\wwwroot\massaki\framework\web\CWebApplication.php(141): CWebApplication->runController()
#9 C:\inetpub\wwwroot\massaki\framework\base\CApplication.php(184): CWebApplication->processRequest()
#10 C:\inetpub\wwwroot\massaki\Rechnungstool\index.php(13): CWebApplication->run()
REQUEST_URI=/massaki/Rechnungstool/index.php?r=site/index
in C:\inetpub\wwwroot\massaki\Rechnungstool\protected\controllers\SiteController.php (30)
in C:\inetpub\wwwroot\massaki\Rechnungstool\index.php (13)
2015/08/14 16:02:57 [error] [php] Undefined variable: jva (C:\inetpub\wwwroot\massaki\Rechnungstool\protected\controllers\SiteController.php:41)
Stack trace:
#0 C:\inetpub\wwwroot\massaki\framework\web\CController.php(286): SiteController->runAction()
#1 C:\inetpub\wwwroot\massaki\framework\web\CController.php(265): SiteController->runActionWithFilters()
#2 C:\inetpub\wwwroot\massaki\framework\web\CWebApplication.php(282): SiteController->run()
#3 C:\inetpub\wwwroot\massaki\framework\web\CWebApplication.php(141): CWebApplication->runController()
#4 C:\inetpub\wwwroot\massaki\framework\base\CApplication.php(184): CWebApplication->processRequest()
#5 C:\inetpub\wwwroot\massaki\Rechnungstool\index.php(13): CWebApplication->run()
REQUEST_URI=/massaki/Rechnungstool/index.php?r=site/index
in C:\inetpub\wwwroot\massaki\Rechnungstool\protected\controllers\SiteController.php (41)
in C:\inetpub\wwwroot\massaki\Rechnungstool\index.php (13)
2015/08/14 16:03:19 [error] [php] Invalid argument supplied for foreach() (C:\inetpub\wwwroot\massaki\framework\db\ar\CActiveRecord.php:2411)
Stack trace:
#0 C:\inetpub\wwwroot\massaki\framework\db\ar\CActiveRecord.php(1355): Jva_data->getTableSchema()
#1 C:\inetpub\wwwroot\massaki\framework\db\ar\CActiveRecord.php(1475): Jva_data->query()
#2 C:\inetpub\wwwroot\massaki\Rechnungstool\protected\controllers\SiteController.php(30): Jva_data->findAll()
#3 C:\inetpub\wwwroot\massaki\framework\web\actions\CInlineAction.php(49): SiteController->actionIndex()
#4 C:\inetpub\wwwroot\massaki\framework\web\CController.php(308): CInlineAction->runWithParams()
#5 C:\inetpub\wwwroot\massaki\framework\web\CController.php(286): SiteController->runAction()
#6 C:\inetpub\wwwroot\massaki\framework\web\CController.php(265): SiteController->runActionWithFilters()
#7 C:\inetpub\wwwroot\massaki\framework\web\CWebApplication.php(282): SiteController->run()
#8 C:\inetpub\wwwroot\massaki\framework\web\CWebApplication.php(141): CWebApplication->runController()
#9 C:\inetpub\wwwroot\massaki\framework\base\CApplication.php(184): CWebApplication->processRequest()
#10 C:\inetpub\wwwroot\massaki\Rechnungstool\index.php(13): CWebApplication->run()
REQUEST_URI=/massaki/Rechnungstool/index.php?r=site/index
in C:\inetpub\wwwroot\massaki\Rechnungstool\protected\controllers\SiteController.php (30)
in C:\inetpub\wwwroot\massaki\Rechnungstool\index.php (13)
2015/08/14 16:05:15 [error] [php] Invalid argument supplied for foreach() (C:\inetpub\wwwroot\massaki\framework\db\ar\CActiveRecord.php:2411)
Stack trace:
#0 C:\inetpub\wwwroot\massaki\framework\db\ar\CActiveRecord.php(1355): Jva_data->getTableSchema()
#1 C:\inetpub\wwwroot\massaki\framework\db\ar\CActiveRecord.php(1475): Jva_data->query()
#2 C:\inetpub\wwwroot\massaki\Rechnungstool\protected\controllers\SiteController.php(31): Jva_data->findAll()
#3 C:\inetpub\wwwroot\massaki\framework\web\actions\CInlineAction.php(49): SiteController->actionIndex()
#4 C:\inetpub\wwwroot\massaki\framework\web\CController.php(308): CInlineAction->runWithParams()
#5 C:\inetpub\wwwroot\massaki\framework\web\CController.php(286): SiteController->runAction()
#6 C:\inetpub\wwwroot\massaki\framework\web\CController.php(265): SiteController->runActionWithFilters()
#7 C:\inetpub\wwwroot\massaki\framework\web\CWebApplication.php(282): SiteController->run()
#8 C:\inetpub\wwwroot\massaki\framework\web\CWebApplication.php(141): CWebApplication->runController()
#9 C:\inetpub\wwwroot\massaki\framework\base\CApplication.php(184): CWebApplication->processRequest()
#10 C:\inetpub\wwwroot\massaki\Rechnungstool\index.php(13): CWebApplication->run()
REQUEST_URI=/massaki/Rechnungstool/index.php?r=site/index
in C:\inetpub\wwwroot\massaki\Rechnungstool\protected\controllers\SiteController.php (31)
in C:\inetpub\wwwroot\massaki\Rechnungstool\index.php (13)
2015/08/14 16:06:06 [error] [php] Invalid argument supplied for foreach() (C:\inetpub\wwwroot\massaki\framework\db\ar\CActiveRecord.php:2411)
Stack trace:
#0 C:\inetpub\wwwroot\massaki\framework\db\ar\CActiveRecord.php(1355): Jva_data->getTableSchema()
#1 C:\inetpub\wwwroot\massaki\framework\db\ar\CActiveRecord.php(1475): Jva_data->query()
#2 C:\inetpub\wwwroot\massaki\Rechnungstool\protected\controllers\SiteController.php(31): Jva_data->findAll()
#3 C:\inetpub\wwwroot\massaki\framework\web\actions\CInlineAction.php(49): SiteController->actionIndex()
#4 C:\inetpub\wwwroot\massaki\framework\web\CController.php(308): CInlineAction->runWithParams()
#5 C:\inetpub\wwwroot\massaki\framework\web\CController.php(286): SiteController->runAction()
#6 C:\inetpub\wwwroot\massaki\framework\web\CController.php(265): SiteController->runActionWithFilters()
#7 C:\inetpub\wwwroot\massaki\framework\web\CWebApplication.php(282): SiteController->run()
#8 C:\inetpub\wwwroot\massaki\framework\web\CWebApplication.php(141): CWebApplication->runController()
#9 C:\inetpub\wwwroot\massaki\framework\base\CApplication.php(184): CWebApplication->processRequest()
#10 C:\inetpub\wwwroot\massaki\Rechnungstool\index.php(13): CWebApplication->run()
REQUEST_URI=/massaki/Rechnungstool/index.php?r=site/index
in C:\inetpub\wwwroot\massaki\Rechnungstool\protected\controllers\SiteController.php (31)
in C:\inetpub\wwwroot\massaki\Rechnungstool\index.php (13)
2015/08/14 16:07:26 [error] [php] Invalid argument supplied for foreach() (C:\inetpub\wwwroot\massaki\framework\db\ar\CActiveRecord.php:2411)
Stack trace:
#0 C:\inetpub\wwwroot\massaki\framework\db\ar\CActiveRecord.php(1355): Jva_data->getTableSchema()
#1 C:\inetpub\wwwroot\massaki\framework\db\ar\CActiveRecord.php(1461): Jva_data->query()
#2 C:\inetpub\wwwroot\massaki\Rechnungstool\protected\controllers\SiteController.php(30): Jva_data->find()
#3 C:\inetpub\wwwroot\massaki\framework\web\actions\CInlineAction.php(49): SiteController->actionIndex()
#4 C:\inetpub\wwwroot\massaki\framework\web\CController.php(308): CInlineAction->runWithParams()
#5 C:\inetpub\wwwroot\massaki\framework\web\CController.php(286): SiteController->runAction()
#6 C:\inetpub\wwwroot\massaki\framework\web\CController.php(265): SiteController->runActionWithFilters()
#7 C:\inetpub\wwwroot\massaki\framework\web\CWebApplication.php(282): SiteController->run()
#8 C:\inetpub\wwwroot\massaki\framework\web\CWebApplication.php(141): CWebApplication->runController()
#9 C:\inetpub\wwwroot\massaki\framework\base\CApplication.php(184): CWebApplication->processRequest()
#10 C:\inetpub\wwwroot\massaki\Rechnungstool\index.php(13): CWebApplication->run()
REQUEST_URI=/massaki/Rechnungstool/index.php?r=site/index
in C:\inetpub\wwwroot\massaki\Rechnungstool\protected\controllers\SiteController.php (30)
in C:\inetpub\wwwroot\massaki\Rechnungstool\index.php (13)
2015/08/14 16:08:06 [error] [php] Invalid argument supplied for foreach() (C:\inetpub\wwwroot\massaki\framework\db\ar\CActiveRecord.php:2411)
Stack trace:
#0 C:\inetpub\wwwroot\massaki\framework\db\ar\CActiveRecord.php(1490): Jva_data->getTableSchema()
#1 C:\inetpub\wwwroot\massaki\Rechnungstool\protected\controllers\SiteController.php(30): Jva_data->findByPk()
#2 C:\inetpub\wwwroot\massaki\framework\web\actions\CInlineAction.php(49): SiteController->actionIndex()
#3 C:\inetpub\wwwroot\massaki\framework\web\CController.php(308): CInlineAction->runWithParams()
#4 C:\inetpub\wwwroot\massaki\framework\web\CController.php(286): SiteController->runAction()
#5 C:\inetpub\wwwroot\massaki\framework\web\CController.php(265): SiteController->runActionWithFilters()
#6 C:\inetpub\wwwroot\massaki\framework\web\CWebApplication.php(282): SiteController->run()
#7 C:\inetpub\wwwroot\massaki\framework\web\CWebApplication.php(141): CWebApplication->runController()
#8 C:\inetpub\wwwroot\massaki\framework\base\CApplication.php(184): CWebApplication->processRequest()
#9 C:\inetpub\wwwroot\massaki\Rechnungstool\index.php(13): CWebApplication->run()
REQUEST_URI=/massaki/Rechnungstool/index.php?r=site/index
in C:\inetpub\wwwroot\massaki\Rechnungstool\protected\controllers\SiteController.php (30)
in C:\inetpub\wwwroot\massaki\Rechnungstool\index.php (13)
2015/08/14 16:09:51 [error] [php] Invalid argument supplied for foreach() (C:\inetpub\wwwroot\massaki\framework\db\ar\CActiveRecord.php:2411)
Stack trace:
#0 C:\inetpub\wwwroot\massaki\framework\db\ar\CActiveRecord.php(1490): Jva_data->getTableSchema()
#1 C:\inetpub\wwwroot\massaki\Rechnungstool\protected\controllers\SiteController.php(30): Jva_data->findByPk()
#2 C:\inetpub\wwwroot\massaki\framework\web\actions\CInlineAction.php(49): SiteController->actionIndex()
#3 C:\inetpub\wwwroot\massaki\framework\web\CController.php(308): CInlineAction->runWithParams()
#4 C:\inetpub\wwwroot\massaki\framework\web\CController.php(286): SiteController->runAction()
#5 C:\inetpub\wwwroot\massaki\framework\web\CController.php(265): SiteController->runActionWithFilters()
#6 C:\inetpub\wwwroot\massaki\framework\web\CWebApplication.php(282): SiteController->run()
#7 C:\inetpub\wwwroot\massaki\framework\web\CWebApplication.php(141): CWebApplication->runController()
#8 C:\inetpub\wwwroot\massaki\framework\base\CApplication.php(184): CWebApplication->processRequest()
#9 C:\inetpub\wwwroot\massaki\Rechnungstool\index.php(13): CWebApplication->run()
REQUEST_URI=/massaki/Rechnungstool/index.php?r=site/index
in C:\inetpub\wwwroot\massaki\Rechnungstool\protected\controllers\SiteController.php (30)
in C:\inetpub\wwwroot\massaki\Rechnungstool\index.php (13)
2015/08/14 16:09:53 [error] [php] Invalid argument supplied for foreach() (C:\inetpub\wwwroot\massaki\framework\db\ar\CActiveRecord.php:2411)
Stack trace:
#0 C:\inetpub\wwwroot\massaki\framework\db\ar\CActiveRecord.php(1490): Jva_data->getTableSchema()
#1 C:\inetpub\wwwroot\massaki\Rechnungstool\protected\controllers\SiteController.php(30): Jva_data->findByPk()
#2 C:\inetpub\wwwroot\massaki\framework\web\actions\CInlineAction.php(49): SiteController->actionIndex()
#3 C:\inetpub\wwwroot\massaki\framework\web\CController.php(308): CInlineAction->runWithParams()
#4 C:\inetpub\wwwroot\massaki\framework\web\CController.php(286): SiteController->runAction()
#5 C:\inetpub\wwwroot\massaki\framework\web\CController.php(265): SiteController->runActionWithFilters()
#6 C:\inetpub\wwwroot\massaki\framework\web\CWebApplication.php(282): SiteController->run()
#7 C:\inetpub\wwwroot\massaki\framework\web\CWebApplication.php(141): CWebApplication->runController()
#8 C:\inetpub\wwwroot\massaki\framework\base\CApplication.php(184): CWebApplication->processRequest()
#9 C:\inetpub\wwwroot\massaki\Rechnungstool\index.php(13): CWebApplication->run()
REQUEST_URI=/massaki/Rechnungstool/index.php?r=site/index
in C:\inetpub\wwwroot\massaki\Rechnungstool\protected\controllers\SiteController.php (30)
in C:\inetpub\wwwroot\massaki\Rechnungstool\index.php (13)
2015/08/14 16:13:26 [error] [php] Invalid argument supplied for foreach() (C:\inetpub\wwwroot\massaki\framework\db\ar\CActiveRecord.php:2411)
Stack trace:
#0 C:\inetpub\wwwroot\massaki\framework\db\ar\CActiveRecord.php(1355): Jva_data->getTableSchema()
#1 C:\inetpub\wwwroot\massaki\framework\db\ar\CActiveRecord.php(1461): Jva_data->query()
#2 C:\inetpub\wwwroot\massaki\Rechnungstool\protected\controllers\SiteController.php(38): Jva_data->find()
#3 C:\inetpub\wwwroot\massaki\framework\web\actions\CInlineAction.php(49): SiteController->actionIndex()
#4 C:\inetpub\wwwroot\massaki\framework\web\CController.php(308): CInlineAction->runWithParams()
#5 C:\inetpub\wwwroot\massaki\framework\web\CController.php(286): SiteController->runAction()
#6 C:\inetpub\wwwroot\massaki\framework\web\CController.php(265): SiteController->runActionWithFilters()
#7 C:\inetpub\wwwroot\massaki\framework\web\CWebApplication.php(282): SiteController->run()
#8 C:\inetpub\wwwroot\massaki\framework\web\CWebApplication.php(141): CWebApplication->runController()
#9 C:\inetpub\wwwroot\massaki\framework\base\CApplication.php(184): CWebApplication->processRequest()
#10 C:\inetpub\wwwroot\massaki\Rechnungstool\index.php(13): CWebApplication->run()
REQUEST_URI=/massaki/Rechnungstool/index.php?r=site/index
in C:\inetpub\wwwroot\massaki\Rechnungstool\protected\controllers\SiteController.php (38)
in C:\inetpub\wwwroot\massaki\Rechnungstool\index.php (13)
2015/08/14 16:14:13 [error] [php] Invalid argument supplied for foreach() (C:\inetpub\wwwroot\massaki\framework\db\ar\CActiveRecord.php:2411)
Stack trace:
#0 C:\inetpub\wwwroot\massaki\framework\db\ar\CActiveRecord.php(1355): Jva_data->getTableSchema()
#1 C:\inetpub\wwwroot\massaki\framework\db\ar\CActiveRecord.php(1475): Jva_data->query()
#2 C:\inetpub\wwwroot\massaki\Rechnungstool\protected\controllers\SiteController.php(38): Jva_data->findAll()
#3 C:\inetpub\wwwroot\massaki\framework\web\actions\CInlineAction.php(49): SiteController->actionIndex()
#4 C:\inetpub\wwwroot\massaki\framework\web\CController.php(308): CInlineAction->runWithParams()
#5 C:\inetpub\wwwroot\massaki\framework\web\CController.php(286): SiteController->runAction()
#6 C:\inetpub\wwwroot\massaki\framework\web\CController.php(265): SiteController->runActionWithFilters()
#7 C:\inetpub\wwwroot\massaki\framework\web\CWebApplication.php(282): SiteController->run()
#8 C:\inetpub\wwwroot\massaki\framework\web\CWebApplication.php(141): CWebApplication->runController()
#9 C:\inetpub\wwwroot\massaki\framework\base\CApplication.php(184): CWebApplication->processRequest()
#10 C:\inetpub\wwwroot\massaki\Rechnungstool\index.php(13): CWebApplication->run()
REQUEST_URI=/massaki/Rechnungstool/index.php?r=site/index
in C:\inetpub\wwwroot\massaki\Rechnungstool\protected\controllers\SiteController.php (38)
in C:\inetpub\wwwroot\massaki\Rechnungstool\index.php (13)
2015/08/14 16:14:49 [error] [php] Invalid argument supplied for foreach() (C:\inetpub\wwwroot\massaki\framework\db\ar\CActiveRecord.php:2411)
Stack trace:
#0 C:\inetpub\wwwroot\massaki\framework\db\ar\CActiveRecord.php(1355): Jva_data->getTableSchema()
#1 C:\inetpub\wwwroot\massaki\framework\db\ar\CActiveRecord.php(1475): Jva_data->query()
#2 C:\inetpub\wwwroot\massaki\Rechnungstool\protected\controllers\SiteController.php(38): Jva_data->findAll()
#3 C:\inetpub\wwwroot\massaki\framework\web\actions\CInlineAction.php(49): SiteController->actionIndex()
#4 C:\inetpub\wwwroot\massaki\framework\web\CController.php(308): CInlineAction->runWithParams()
#5 C:\inetpub\wwwroot\massaki\framework\web\CController.php(286): SiteController->runAction()
#6 C:\inetpub\wwwroot\massaki\framework\web\CController.php(265): SiteController->runActionWithFilters()
#7 C:\inetpub\wwwroot\massaki\framework\web\CWebApplication.php(282): SiteController->run()
#8 C:\inetpub\wwwroot\massaki\framework\web\CWebApplication.php(141): CWebApplication->runController()
#9 C:\inetpub\wwwroot\massaki\framework\base\CApplication.php(184): CWebApplication->processRequest()
#10 C:\inetpub\wwwroot\massaki\Rechnungstool\index.php(13): CWebApplication->run()
REQUEST_URI=/massaki/Rechnungstool/index.php?r=site/index
in C:\inetpub\wwwroot\massaki\Rechnungstool\protected\controllers\SiteController.php (38)
in C:\inetpub\wwwroot\massaki\Rechnungstool\index.php (13)
2015/08/14 16:15:41 [error] [php] Invalid argument supplied for foreach() (C:\inetpub\wwwroot\massaki\framework\db\ar\CActiveRecord.php:2411)
Stack trace:
#0 C:\inetpub\wwwroot\massaki\framework\db\ar\CActiveRecord.php(1355): Jva_data->getTableSchema()
#1 C:\inetpub\wwwroot\massaki\framework\db\ar\CActiveRecord.php(1475): Jva_data->query()
#2 C:\inetpub\wwwroot\massaki\Rechnungstool\protected\controllers\SiteController.php(38): Jva_data->findAll()
#3 C:\inetpub\wwwroot\massaki\framework\web\actions\CInlineAction.php(49): SiteController->actionIndex()
#4 C:\inetpub\wwwroot\massaki\framework\web\CController.php(308): CInlineAction->runWithParams()
#5 C:\inetpub\wwwroot\massaki\framework\web\CController.php(286): SiteController->runAction()
#6 C:\inetpub\wwwroot\massaki\framework\web\CController.php(265): SiteController->runActionWithFilters()
#7 C:\inetpub\wwwroot\massaki\framework\web\CWebApplication.php(282): SiteController->run()
#8 C:\inetpub\wwwroot\massaki\framework\web\CWebApplication.php(141): CWebApplication->runController()
#9 C:\inetpub\wwwroot\massaki\framework\base\CApplication.php(184): CWebApplication->processRequest()
#10 C:\inetpub\wwwroot\massaki\Rechnungstool\index.php(13): CWebApplication->run()
REQUEST_URI=/massaki/Rechnungstool/index.php?r=site/index
in C:\inetpub\wwwroot\massaki\Rechnungstool\protected\controllers\SiteController.php (38)
in C:\inetpub\wwwroot\massaki\Rechnungstool\index.php (13)
2015/08/14 16:20:44 [error] [php] include(Jva_data.php): failed to open stream: No such file or directory (C:\inetpub\wwwroot\massaki\framework\YiiBase.php:432)
Stack trace:
#0 C:\inetpub\wwwroot\massaki\Rechnungstool\protected\controllers\SiteController.php(30): spl_autoload_call()
#1 C:\inetpub\wwwroot\massaki\framework\web\actions\CInlineAction.php(49): SiteController->actionIndex()
#2 C:\inetpub\wwwroot\massaki\framework\web\CController.php(308): CInlineAction->runWithParams()
#3 C:\inetpub\wwwroot\massaki\framework\web\CController.php(286): SiteController->runAction()
#4 C:\inetpub\wwwroot\massaki\framework\web\CController.php(265): SiteController->runActionWithFilters()
#5 C:\inetpub\wwwroot\massaki\framework\web\CWebApplication.php(282): SiteController->run()
#6 C:\inetpub\wwwroot\massaki\framework\web\CWebApplication.php(141): CWebApplication->runController()
#7 C:\inetpub\wwwroot\massaki\framework\base\CApplication.php(184): CWebApplication->processRequest()
#8 C:\inetpub\wwwroot\massaki\Rechnungstool\index.php(13): CWebApplication->run()
REQUEST_URI=/massaki/Rechnungstool/index.php?r=site/index
in C:\inetpub\wwwroot\massaki\Rechnungstool\protected\controllers\SiteController.php (30)
in C:\inetpub\wwwroot\massaki\Rechnungstool\index.php (13)
2015/08/14 16:21:08 [error] [system.db.CDbCommand] CDbCommand::fetchAll() failed: SQLSTATE[42S02]: Base table or view not found: 1146 Table 'rechnungstool.jvadata' doesn't exist. The SQL statement executed was: SHOW FULL COLUMNS FROM `JvaData`.
in C:\inetpub\wwwroot\massaki\Rechnungstool\protected\controllers\SiteController.php (38)
in C:\inetpub\wwwroot\massaki\Rechnungstool\index.php (13)
2015/08/14 16:21:08 [error] [exception.CDbException] exception 'CDbException' with message 'The table "JvaData" for active record class "JvaData" cannot be found in the database.' in C:\inetpub\wwwroot\massaki\framework\db\ar\CActiveRecord.php:2385
Stack trace:
#0 C:\inetpub\wwwroot\massaki\framework\db\ar\CActiveRecord.php(411): CActiveRecordMetaData->__construct(Object(JvaData))
#1 C:\inetpub\wwwroot\massaki\framework\db\ar\CActiveRecord.php(661): CActiveRecord->getMetaData()
#2 C:\inetpub\wwwroot\massaki\framework\db\ar\CActiveRecord.php(1355): CActiveRecord->getTableSchema()
#3 C:\inetpub\wwwroot\massaki\framework\db\ar\CActiveRecord.php(1475): CActiveRecord->query(Object(CDbCriteria), true)
#4 C:\inetpub\wwwroot\massaki\Rechnungstool\protected\controllers\SiteController.php(38): CActiveRecord->findAll(Array)
#5 C:\inetpub\wwwroot\massaki\framework\web\actions\CInlineAction.php(49): SiteController->actionIndex()
#6 C:\inetpub\wwwroot\massaki\framework\web\CController.php(308): CInlineAction->runWithParams(Array)
#7 C:\inetpub\wwwroot\massaki\framework\web\CController.php(286): CController->runAction(Object(CInlineAction))
#8 C:\inetpub\wwwroot\massaki\framework\web\CController.php(265): CController->runActionWithFilters(Object(CInlineAction), Array)
#9 C:\inetpub\wwwroot\massaki\framework\web\CWebApplication.php(282): CController->run('index')
#10 C:\inetpub\wwwroot\massaki\framework\web\CWebApplication.php(141): CWebApplication->runController('site/index')
#11 C:\inetpub\wwwroot\massaki\framework\base\CApplication.php(184): CWebApplication->processRequest()
#12 C:\inetpub\wwwroot\massaki\Rechnungstool\index.php(13): CApplication->run()
#13 {main}
REQUEST_URI=/massaki/Rechnungstool/index.php?r=site/index
HTTP_REFERER=http://localhost:8888/massaki/Rechnungstool/index.php
---
2015/08/14 16:29:40 [error] [php] include(ColumDefinitons.php): failed to open stream: No such file or directory (C:\inetpub\wwwroot\massaki\framework\YiiBase.php:432)
Stack trace:
#0 C:\inetpub\wwwroot\massaki\framework\db\ar\CActiveRecord.php(395): spl_autoload_call()
#1 C:\inetpub\wwwroot\massaki\framework\db\ar\CActiveFinder.php(182): model()
#2 C:\inetpub\wwwroot\massaki\framework\db\ar\CActiveFinder.php(230): CActiveFinder->getModel()
#3 C:\inetpub\wwwroot\massaki\framework\db\ar\CActiveFinder.php(299): CActiveFinder->buildJoinTree()
#4 C:\inetpub\wwwroot\massaki\framework\db\ar\CActiveFinder.php(48): CActiveFinder->buildJoinTree()
#5 C:\inetpub\wwwroot\massaki\framework\db\ar\CActiveRecord.php(912): CActiveFinder->__construct()
#6 C:\inetpub\wwwroot\massaki\framework\db\ar\CActiveRecord.php(1360): JvaData->getActiveFinder()
#7 C:\inetpub\wwwroot\massaki\framework\db\ar\CActiveRecord.php(1475): JvaData->query()
#8 C:\inetpub\wwwroot\massaki\Rechnungstool\protected\controllers\SiteController.php(42): JvaData->findAll()
#9 C:\inetpub\wwwroot\massaki\framework\web\actions\CInlineAction.php(49): SiteController->actionIndex()
#10 C:\inetpub\wwwroot\massaki\framework\web\CController.php(308): CInlineAction->runWithParams()
#11 C:\inetpub\wwwroot\massaki\framework\web\CController.php(286): SiteController->runAction()
#12 C:\inetpub\wwwroot\massaki\framework\web\CController.php(265): SiteController->runActionWithFilters()
#13 C:\inetpub\wwwroot\massaki\framework\web\CWebApplication.php(282): SiteController->run()
#14 C:\inetpub\wwwroot\massaki\framework\web\CWebApplication.php(141): CWebApplication->runController()
#15 C:\inetpub\wwwroot\massaki\framework\base\CApplication.php(184): CWebApplication->processRequest()
#16 C:\inetpub\wwwroot\massaki\Rechnungstool\index.php(13): CWebApplication->run()
REQUEST_URI=/massaki/Rechnungstool/index.php?r=site/index
in C:\inetpub\wwwroot\massaki\Rechnungstool\protected\controllers\SiteController.php (42)
in C:\inetpub\wwwroot\massaki\Rechnungstool\index.php (13)
2015/08/14 16:30:44 [error] [exception.CDbException] exception 'CDbException' with message 'Relation "columDefinitions" is not defined in active record class "JvaData".' in C:\inetpub\wwwroot\massaki\framework\db\ar\CActiveFinder.php:226
Stack trace:
#0 C:\inetpub\wwwroot\massaki\framework\db\ar\CActiveFinder.php(299): CActiveFinder->buildJoinTree(Object(CJoinElement), 'columDefinition...')
#1 C:\inetpub\wwwroot\massaki\framework\db\ar\CActiveFinder.php(48): CActiveFinder->buildJoinTree(Object(CJoinElement), Array)
#2 C:\inetpub\wwwroot\massaki\framework\db\ar\CActiveRecord.php(912): CActiveFinder->__construct(Object(JvaData), Array)
#3 C:\inetpub\wwwroot\massaki\framework\db\ar\CActiveRecord.php(1360): CActiveRecord->getActiveFinder(Array)
#4 C:\inetpub\wwwroot\massaki\framework\db\ar\CActiveRecord.php(1475): CActiveRecord->query(Object(CDbCriteria), true)
#5 C:\inetpub\wwwroot\massaki\Rechnungstool\protected\controllers\SiteController.php(42): CActiveRecord->findAll(Array)
#6 C:\inetpub\wwwroot\massaki\framework\web\actions\CInlineAction.php(49): SiteController->actionIndex()
#7 C:\inetpub\wwwroot\massaki\framework\web\CController.php(308): CInlineAction->runWithParams(Array)
#8 C:\inetpub\wwwroot\massaki\framework\web\CController.php(286): CController->runAction(Object(CInlineAction))
#9 C:\inetpub\wwwroot\massaki\framework\web\CController.php(265): CController->runActionWithFilters(Object(CInlineAction), Array)
#10 C:\inetpub\wwwroot\massaki\framework\web\CWebApplication.php(282): CController->run('index')
#11 C:\inetpub\wwwroot\massaki\framework\web\CWebApplication.php(141): CWebApplication->runController('site/index')
#12 C:\inetpub\wwwroot\massaki\framework\base\CApplication.php(184): CWebApplication->processRequest()
#13 C:\inetpub\wwwroot\massaki\Rechnungstool\index.php(13): CApplication->run()
#14 {main}
REQUEST_URI=/massaki/Rechnungstool/index.php?r=site/index
HTTP_REFERER=http://localhost:8888/massaki/Rechnungstool/index.php
---
2015/08/14 16:31:15 [error] [exception.CDbException] exception 'CDbException' with message 'Relation "columDefinitions" is not defined in active record class "JvaData".' in C:\inetpub\wwwroot\massaki\framework\db\ar\CActiveFinder.php:226
Stack trace:
#0 C:\inetpub\wwwroot\massaki\framework\db\ar\CActiveFinder.php(299): CActiveFinder->buildJoinTree(Object(CJoinElement), 'columDefinition...')
#1 C:\inetpub\wwwroot\massaki\framework\db\ar\CActiveFinder.php(48): CActiveFinder->buildJoinTree(Object(CJoinElement), Array)
#2 C:\inetpub\wwwroot\massaki\framework\db\ar\CActiveRecord.php(912): CActiveFinder->__construct(Object(JvaData), Array)
#3 C:\inetpub\wwwroot\massaki\framework\db\ar\CActiveRecord.php(1360): CActiveRecord->getActiveFinder(Array)
#4 C:\inetpub\wwwroot\massaki\framework\db\ar\CActiveRecord.php(1475): CActiveRecord->query(Object(CDbCriteria), true)
#5 C:\inetpub\wwwroot\massaki\Rechnungstool\protected\controllers\SiteController.php(42): CActiveRecord->findAll(Array)
#6 C:\inetpub\wwwroot\massaki\framework\web\actions\CInlineAction.php(49): SiteController->actionIndex()
#7 C:\inetpub\wwwroot\massaki\framework\web\CController.php(308): CInlineAction->runWithParams(Array)
#8 C:\inetpub\wwwroot\massaki\framework\web\CController.php(286): CController->runAction(Object(CInlineAction))
#9 C:\inetpub\wwwroot\massaki\framework\web\CController.php(265): CController->runActionWithFilters(Object(CInlineAction), Array)
#10 C:\inetpub\wwwroot\massaki\framework\web\CWebApplication.php(282): CController->run('index')
#11 C:\inetpub\wwwroot\massaki\framework\web\CWebApplication.php(141): CWebApplication->runController('site/index')
#12 C:\inetpub\wwwroot\massaki\framework\base\CApplication.php(184): CWebApplication->processRequest()
#13 C:\inetpub\wwwroot\massaki\Rechnungstool\index.php(13): CApplication->run()
#14 {main}
REQUEST_URI=/massaki/Rechnungstool/index.php?r=site/index
HTTP_REFERER=http://localhost:8888/massaki/Rechnungstool/index.php
---
2015/08/14 16:31:56 [error] [exception.CDbException] exception 'CDbException' with message 'Relation "columDefinitions" is not defined in active record class "JvaData".' in C:\inetpub\wwwroot\massaki\framework\db\ar\CActiveFinder.php:226
Stack trace:
#0 C:\inetpub\wwwroot\massaki\framework\db\ar\CActiveFinder.php(299): CActiveFinder->buildJoinTree(Object(CJoinElement), 'columDefinition...')
#1 C:\inetpub\wwwroot\massaki\framework\db\ar\CActiveFinder.php(48): CActiveFinder->buildJoinTree(Object(CJoinElement), Array)
#2 C:\inetpub\wwwroot\massaki\framework\db\ar\CActiveRecord.php(912): CActiveFinder->__construct(Object(JvaData), Array)
#3 C:\inetpub\wwwroot\massaki\framework\db\ar\CActiveRecord.php(1360): CActiveRecord->getActiveFinder(Array)
#4 C:\inetpub\wwwroot\massaki\framework\db\ar\CActiveRecord.php(1475): CActiveRecord->query(Object(CDbCriteria), true)
#5 C:\inetpub\wwwroot\massaki\Rechnungstool\protected\controllers\SiteController.php(42): CActiveRecord->findAll(Array)
#6 C:\inetpub\wwwroot\massaki\framework\web\actions\CInlineAction.php(49): SiteController->actionIndex()
#7 C:\inetpub\wwwroot\massaki\framework\web\CController.php(308): CInlineAction->runWithParams(Array)
#8 C:\inetpub\wwwroot\massaki\framework\web\CController.php(286): CController->runAction(Object(CInlineAction))
#9 C:\inetpub\wwwroot\massaki\framework\web\CController.php(265): CController->runActionWithFilters(Object(CInlineAction), Array)
#10 C:\inetpub\wwwroot\massaki\framework\web\CWebApplication.php(282): CController->run('index')
#11 C:\inetpub\wwwroot\massaki\framework\web\CWebApplication.php(141): CWebApplication->runController('site/index')
#12 C:\inetpub\wwwroot\massaki\framework\base\CApplication.php(184): CWebApplication->processRequest()
#13 C:\inetpub\wwwroot\massaki\Rechnungstool\index.php(13): CApplication->run()
#14 {main}
REQUEST_URI=/massaki/Rechnungstool/index.php?r=site/index
HTTP_REFERER=http://localhost:8888/massaki/Rechnungstool/index.php
---
2015/08/14 16:31:56 [error] [exception.CDbException] exception 'CDbException' with message 'Relation "columDefinitions" is not defined in active record class "JvaData".' in C:\inetpub\wwwroot\massaki\framework\db\ar\CActiveFinder.php:226
Stack trace:
#0 C:\inetpub\wwwroot\massaki\framework\db\ar\CActiveFinder.php(299): CActiveFinder->buildJoinTree(Object(CJoinElement), 'columDefinition...')
#1 C:\inetpub\wwwroot\massaki\framework\db\ar\CActiveFinder.php(48): CActiveFinder->buildJoinTree(Object(CJoinElement), Array)
#2 C:\inetpub\wwwroot\massaki\framework\db\ar\CActiveRecord.php(912): CActiveFinder->__construct(Object(JvaData), Array)
#3 C:\inetpub\wwwroot\massaki\framework\db\ar\CActiveRecord.php(1360): CActiveRecord->getActiveFinder(Array)
#4 C:\inetpub\wwwroot\massaki\framework\db\ar\CActiveRecord.php(1475): CActiveRecord->query(Object(CDbCriteria), true)
#5 C:\inetpub\wwwroot\massaki\Rechnungstool\protected\controllers\SiteController.php(42): CActiveRecord->findAll(Array)
#6 C:\inetpub\wwwroot\massaki\framework\web\actions\CInlineAction.php(49): SiteController->actionIndex()
#7 C:\inetpub\wwwroot\massaki\framework\web\CController.php(308): CInlineAction->runWithParams(Array)
#8 C:\inetpub\wwwroot\massaki\framework\web\CController.php(286): CController->runAction(Object(CInlineAction))
#9 C:\inetpub\wwwroot\massaki\framework\web\CController.php(265): CController->runActionWithFilters(Object(CInlineAction), Array)
#10 C:\inetpub\wwwroot\massaki\framework\web\CWebApplication.php(282): CController->run('index')
#11 C:\inetpub\wwwroot\massaki\framework\web\CWebApplication.php(141): CWebApplication->runController('site/index')
#12 C:\inetpub\wwwroot\massaki\framework\base\CApplication.php(184): CWebApplication->processRequest()
#13 C:\inetpub\wwwroot\massaki\Rechnungstool\index.php(13): CApplication->run()
#14 {main}
REQUEST_URI=/massaki/Rechnungstool/index.php?r=site/index
HTTP_REFERER=http://localhost:8888/massaki/Rechnungstool/index.php
---
2015/08/14 16:32:30 [error] [exception.CDbException] exception 'CDbException' with message 'Relation "columDefinitions" is not defined in active record class "JvaData".' in C:\inetpub\wwwroot\massaki\framework\db\ar\CActiveFinder.php:226
Stack trace:
#0 C:\inetpub\wwwroot\massaki\framework\db\ar\CActiveFinder.php(299): CActiveFinder->buildJoinTree(Object(CJoinElement), 'columDefinition...')
#1 C:\inetpub\wwwroot\massaki\framework\db\ar\CActiveFinder.php(48): CActiveFinder->buildJoinTree(Object(CJoinElement), Array)
#2 C:\inetpub\wwwroot\massaki\framework\db\ar\CActiveRecord.php(912): CActiveFinder->__construct(Object(JvaData), Array)
#3 C:\inetpub\wwwroot\massaki\framework\db\ar\CActiveRecord.php(1360): CActiveRecord->getActiveFinder(Array)
#4 C:\inetpub\wwwroot\massaki\framework\db\ar\CActiveRecord.php(1475): CActiveRecord->query(Object(CDbCriteria), true)
#5 C:\inetpub\wwwroot\massaki\Rechnungstool\protected\controllers\SiteController.php(40): CActiveRecord->findAll(Array)
#6 C:\inetpub\wwwroot\massaki\framework\web\actions\CInlineAction.php(49): SiteController->actionIndex()
#7 C:\inetpub\wwwroot\massaki\framework\web\CController.php(308): CInlineAction->runWithParams(Array)
#8 C:\inetpub\wwwroot\massaki\framework\web\CController.php(286): CController->runAction(Object(CInlineAction))
#9 C:\inetpub\wwwroot\massaki\framework\web\CController.php(265): CController->runActionWithFilters(Object(CInlineAction), Array)
#10 C:\inetpub\wwwroot\massaki\framework\web\CWebApplication.php(282): CController->run('index')
#11 C:\inetpub\wwwroot\massaki\framework\web\CWebApplication.php(141): CWebApplication->runController('site/index')
#12 C:\inetpub\wwwroot\massaki\framework\base\CApplication.php(184): CWebApplication->processRequest()
#13 C:\inetpub\wwwroot\massaki\Rechnungstool\index.php(13): CApplication->run()
#14 {main}
REQUEST_URI=/massaki/Rechnungstool/index.php?r=site/index
HTTP_REFERER=http://localhost:8888/massaki/Rechnungstool/index.php
---
2015/08/14 16:32:42 [error] [php] include(ColumnDefinitons.php): failed to open stream: No such file or directory (C:\inetpub\wwwroot\massaki\framework\YiiBase.php:432)
Stack trace:
#0 C:\inetpub\wwwroot\massaki\framework\db\ar\CActiveRecord.php(395): spl_autoload_call()
#1 C:\inetpub\wwwroot\massaki\framework\db\ar\CActiveFinder.php(182): model()
#2 C:\inetpub\wwwroot\massaki\framework\db\ar\CActiveFinder.php(230): CActiveFinder->getModel()
#3 C:\inetpub\wwwroot\massaki\framework\db\ar\CActiveFinder.php(299): CActiveFinder->buildJoinTree()
#4 C:\inetpub\wwwroot\massaki\framework\db\ar\CActiveFinder.php(48): CActiveFinder->buildJoinTree()
#5 C:\inetpub\wwwroot\massaki\framework\db\ar\CActiveRecord.php(912): CActiveFinder->__construct()
#6 C:\inetpub\wwwroot\massaki\framework\db\ar\CActiveRecord.php(1360): JvaData->getActiveFinder()
#7 C:\inetpub\wwwroot\massaki\framework\db\ar\CActiveRecord.php(1475): JvaData->query()
#8 C:\inetpub\wwwroot\massaki\Rechnungstool\protected\controllers\SiteController.php(40): JvaData->findAll()
#9 C:\inetpub\wwwroot\massaki\framework\web\actions\CInlineAction.php(49): SiteController->actionIndex()
#10 C:\inetpub\wwwroot\massaki\framework\web\CController.php(308): CInlineAction->runWithParams()
#11 C:\inetpub\wwwroot\massaki\framework\web\CController.php(286): SiteController->runAction()
#12 C:\inetpub\wwwroot\massaki\framework\web\CController.php(265): SiteController->runActionWithFilters()
#13 C:\inetpub\wwwroot\massaki\framework\web\CWebApplication.php(282): SiteController->run()
#14 C:\inetpub\wwwroot\massaki\framework\web\CWebApplication.php(141): CWebApplication->runController()
#15 C:\inetpub\wwwroot\massaki\framework\base\CApplication.php(184): CWebApplication->processRequest()
#16 C:\inetpub\wwwroot\massaki\Rechnungstool\index.php(13): CWebApplication->run()
REQUEST_URI=/massaki/Rechnungstool/index.php?r=site/index
in C:\inetpub\wwwroot\massaki\Rechnungstool\protected\controllers\SiteController.php (40)
in C:\inetpub\wwwroot\massaki\Rechnungstool\index.php (13)
2015/08/14 16:33:14 [error] [php] include(ColumnDefinitons.php): failed to open stream: No such file or directory (C:\inetpub\wwwroot\massaki\framework\YiiBase.php:432)
Stack trace:
#0 C:\inetpub\wwwroot\massaki\framework\db\ar\CActiveRecord.php(395): spl_autoload_call()
#1 C:\inetpub\wwwroot\massaki\framework\db\ar\CActiveFinder.php(182): model()
#2 C:\inetpub\wwwroot\massaki\framework\db\ar\CActiveFinder.php(230): CActiveFinder->getModel()
#3 C:\inetpub\wwwroot\massaki\framework\db\ar\CActiveFinder.php(299): CActiveFinder->buildJoinTree()
#4 C:\inetpub\wwwroot\massaki\framework\db\ar\CActiveFinder.php(48): CActiveFinder->buildJoinTree()
#5 C:\inetpub\wwwroot\massaki\framework\db\ar\CActiveRecord.php(912): CActiveFinder->__construct()
#6 C:\inetpub\wwwroot\massaki\framework\db\ar\CActiveRecord.php(1360): JvaData->getActiveFinder()
#7 C:\inetpub\wwwroot\massaki\framework\db\ar\CActiveRecord.php(1475): JvaData->query()
#8 C:\inetpub\wwwroot\massaki\Rechnungstool\protected\controllers\SiteController.php(40): JvaData->findAll()
#9 C:\inetpub\wwwroot\massaki\framework\web\actions\CInlineAction.php(49): SiteController->actionIndex()
#10 C:\inetpub\wwwroot\massaki\framework\web\CController.php(308): CInlineAction->runWithParams()
#11 C:\inetpub\wwwroot\massaki\framework\web\CController.php(286): SiteController->runAction()
#12 C:\inetpub\wwwroot\massaki\framework\web\CController.php(265): SiteController->runActionWithFilters()
#13 C:\inetpub\wwwroot\massaki\framework\web\CWebApplication.php(282): SiteController->run()
#14 C:\inetpub\wwwroot\massaki\framework\web\CWebApplication.php(141): CWebApplication->runController()
#15 C:\inetpub\wwwroot\massaki\framework\base\CApplication.php(184): CWebApplication->processRequest()
#16 C:\inetpub\wwwroot\massaki\Rechnungstool\index.php(13): CWebApplication->run()
REQUEST_URI=/massaki/Rechnungstool/index.php?r=site/index
in C:\inetpub\wwwroot\massaki\Rechnungstool\protected\controllers\SiteController.php (40)
in C:\inetpub\wwwroot\massaki\Rechnungstool\index.php (13)
2015/08/14 16:33:37 [error] [system.db.CDbCommand] CDbCommand::fetchAll() failed: SQLSTATE[42S02]: Base table or view not found: 1146 Table 'rechnungstool.columndefinitions' doesn't exist. The SQL statement executed was: SHOW FULL COLUMNS FROM `ColumnDefinitions`.
in C:\inetpub\wwwroot\massaki\Rechnungstool\protected\controllers\SiteController.php (40)
in C:\inetpub\wwwroot\massaki\Rechnungstool\index.php (13)
2015/08/14 16:33:37 [error] [exception.CDbException] exception 'CDbException' with message 'The table "ColumnDefinitions" for active record class "ColumnDefinitions" cannot be found in the database.' in C:\inetpub\wwwroot\massaki\framework\db\ar\CActiveRecord.php:2385
Stack trace:
#0 C:\inetpub\wwwroot\massaki\framework\db\ar\CActiveRecord.php(411): CActiveRecordMetaData->__construct(Object(ColumnDefinitions))
#1 C:\inetpub\wwwroot\massaki\framework\db\ar\CActiveRecord.php(661): CActiveRecord->getMetaData()
#2 C:\inetpub\wwwroot\massaki\framework\db\ar\CActiveFinder.php(386): CActiveRecord->getTableSchema()
#3 C:\inetpub\wwwroot\massaki\framework\db\ar\CActiveFinder.php(281): CJoinElement->__construct(Object(CActiveFinder), Object(CHasOneRelation), Object(CJoinElement), 1)
#4 C:\inetpub\wwwroot\massaki\framework\db\ar\CActiveFinder.php(299): CActiveFinder->buildJoinTree(Object(CJoinElement), 'columnDefinitio...')
#5 C:\inetpub\wwwroot\massaki\framework\db\ar\CActiveFinder.php(48): CActiveFinder->buildJoinTree(Object(CJoinElement), Array)
#6 C:\inetpub\wwwroot\massaki\framework\db\ar\CActiveRecord.php(912): CActiveFinder->__construct(Object(JvaData), Array)
#7 C:\inetpub\wwwroot\massaki\framework\db\ar\CActiveRecord.php(1360): CActiveRecord->getActiveFinder(Array)
#8 C:\inetpub\wwwroot\massaki\framework\db\ar\CActiveRecord.php(1475): CActiveRecord->query(Object(CDbCriteria), true)
#9 C:\inetpub\wwwroot\massaki\Rechnungstool\protected\controllers\SiteController.php(40): CActiveRecord->findAll(Array)
#10 C:\inetpub\wwwroot\massaki\framework\web\actions\CInlineAction.php(49): SiteController->actionIndex()
#11 C:\inetpub\wwwroot\massaki\framework\web\CController.php(308): CInlineAction->runWithParams(Array)
#12 C:\inetpub\wwwroot\massaki\framework\web\CController.php(286): CController->runAction(Object(CInlineAction))
#13 C:\inetpub\wwwroot\massaki\framework\web\CController.php(265): CController->runActionWithFilters(Object(CInlineAction), Array)
#14 C:\inetpub\wwwroot\massaki\framework\web\CWebApplication.php(282): CController->run('index')
#15 C:\inetpub\wwwroot\massaki\framework\web\CWebApplication.php(141): CWebApplication->runController('site/index')
#16 C:\inetpub\wwwroot\massaki\framework\base\CApplication.php(184): CWebApplication->processRequest()
#17 C:\inetpub\wwwroot\massaki\Rechnungstool\index.php(13): CApplication->run()
#18 {main}
REQUEST_URI=/massaki/Rechnungstool/index.php?r=site/index
HTTP_REFERER=http://localhost:8888/massaki/Rechnungstool/index.php
---
2015/08/14 16:35:43 [error] [exception.CDbException] exception 'CDbException' with message 'The relation "coldef" in active record class "JvaData" is specified with an invalid foreign key "jvaColConfig". There is no such column in the table "ColDef".' in C:\inetpub\wwwroot\massaki\framework\db\ar\CActiveFinder.php:1101
Stack trace:
#0 C:\inetpub\wwwroot\massaki\framework\db\ar\CActiveFinder.php(1072): CJoinElement->joinOneMany(Object(CJoinElement), Array, Object(CJoinElement), Object(CJoinElement))
#1 C:\inetpub\wwwroot\massaki\framework\db\ar\CActiveFinder.php(1317): CJoinElement->getJoinCondition()
#2 C:\inetpub\wwwroot\massaki\framework\db\ar\CActiveFinder.php(795): CJoinQuery->join(Object(CJoinElement))
#3 C:\inetpub\wwwroot\massaki\framework\db\ar\CActiveFinder.php(438): CJoinElement->buildQuery(Object(CJoinQuery))
#4 C:\inetpub\wwwroot\massaki\framework\db\ar\CActiveFinder.php(68): CJoinElement->find(Object(CDbCriteria))
#5 C:\inetpub\wwwroot\massaki\framework\db\ar\CActiveRecord.php(1361): CActiveFinder->query(Object(CDbCriteria), true)
#6 C:\inetpub\wwwroot\massaki\framework\db\ar\CActiveRecord.php(1475): CActiveRecord->query(Object(CDbCriteria), true)
#7 C:\inetpub\wwwroot\massaki\Rechnungstool\protected\controllers\SiteController.php(40): CActiveRecord->findAll(Array)
#8 C:\inetpub\wwwroot\massaki\framework\web\actions\CInlineAction.php(49): SiteController->actionIndex()
#9 C:\inetpub\wwwroot\massaki\framework\web\CController.php(308): CInlineAction->runWithParams(Array)
#10 C:\inetpub\wwwroot\massaki\framework\web\CController.php(286): CController->runAction(Object(CInlineAction))
#11 C:\inetpub\wwwroot\massaki\framework\web\CController.php(265): CController->runActionWithFilters(Object(CInlineAction), Array)
#12 C:\inetpub\wwwroot\massaki\framework\web\CWebApplication.php(282): CController->run('index')
#13 C:\inetpub\wwwroot\massaki\framework\web\CWebApplication.php(141): CWebApplication->runController('site/index')
#14 C:\inetpub\wwwroot\massaki\framework\base\CApplication.php(184): CWebApplication->processRequest()
#15 C:\inetpub\wwwroot\massaki\Rechnungstool\index.php(13): CApplication->run()
#16 {main}
REQUEST_URI=/massaki/Rechnungstool/index.php?r=site/index
HTTP_REFERER=http://localhost:8888/massaki/Rechnungstool/index.php
---
2015/08/14 16:38:46 [error] [exception.CDbException] exception 'CDbException' with message 'Relation "coldef" is not defined in active record class "JvaData".' in C:\inetpub\wwwroot\massaki\framework\db\ar\CActiveFinder.php:226
Stack trace:
#0 C:\inetpub\wwwroot\massaki\framework\db\ar\CActiveFinder.php(299): CActiveFinder->buildJoinTree(Object(CJoinElement), 'coldef')
#1 C:\inetpub\wwwroot\massaki\framework\db\ar\CActiveFinder.php(48): CActiveFinder->buildJoinTree(Object(CJoinElement), Array)
#2 C:\inetpub\wwwroot\massaki\framework\db\ar\CActiveRecord.php(912): CActiveFinder->__construct(Object(JvaData), Array)
#3 C:\inetpub\wwwroot\massaki\framework\db\ar\CActiveRecord.php(1360): CActiveRecord->getActiveFinder(Array)
#4 C:\inetpub\wwwroot\massaki\framework\db\ar\CActiveRecord.php(1475): CActiveRecord->query(Object(CDbCriteria), true)
#5 C:\inetpub\wwwroot\massaki\Rechnungstool\protected\controllers\SiteController.php(40): CActiveRecord->findAll(Array)
#6 C:\inetpub\wwwroot\massaki\framework\web\actions\CInlineAction.php(49): SiteController->actionIndex()
#7 C:\inetpub\wwwroot\massaki\framework\web\CController.php(308): CInlineAction->runWithParams(Array)
#8 C:\inetpub\wwwroot\massaki\framework\web\CController.php(286): CController->runAction(Object(CInlineAction))
#9 C:\inetpub\wwwroot\massaki\framework\web\CController.php(265): CController->runActionWithFilters(Object(CInlineAction), Array)
#10 C:\inetpub\wwwroot\massaki\framework\web\CWebApplication.php(282): CController->run('index')
#11 C:\inetpub\wwwroot\massaki\framework\web\CWebApplication.php(141): CWebApplication->runController('site/index')
#12 C:\inetpub\wwwroot\massaki\framework\base\CApplication.php(184): CWebApplication->processRequest()
#13 C:\inetpub\wwwroot\massaki\Rechnungstool\index.php(13): CApplication->run()
#14 {main}
REQUEST_URI=/massaki/Rechnungstool/index.php?r=site/index
HTTP_REFERER=http://localhost:8888/massaki/Rechnungstool/index.php
---
2015/08/14 16:39:20 [error] [exception.CDbException] exception 'CDbException' with message 'Relation "defaultcolconfig" is not defined in active record class "JvaData".' in C:\inetpub\wwwroot\massaki\framework\db\ar\CActiveFinder.php:226
Stack trace:
#0 C:\inetpub\wwwroot\massaki\framework\db\ar\CActiveFinder.php(299): CActiveFinder->buildJoinTree(Object(CJoinElement), 'defaultcolconfi...')
#1 C:\inetpub\wwwroot\massaki\framework\db\ar\CActiveFinder.php(48): CActiveFinder->buildJoinTree(Object(CJoinElement), Array)
#2 C:\inetpub\wwwroot\massaki\framework\db\ar\CActiveRecord.php(912): CActiveFinder->__construct(Object(JvaData), Array)
#3 C:\inetpub\wwwroot\massaki\framework\db\ar\CActiveRecord.php(1360): CActiveRecord->getActiveFinder(Array)
#4 C:\inetpub\wwwroot\massaki\framework\db\ar\CActiveRecord.php(1475): CActiveRecord->query(Object(CDbCriteria), true)
#5 C:\inetpub\wwwroot\massaki\Rechnungstool\protected\controllers\SiteController.php(40): CActiveRecord->findAll(Array)
#6 C:\inetpub\wwwroot\massaki\framework\web\actions\CInlineAction.php(49): SiteController->actionIndex()
#7 C:\inetpub\wwwroot\massaki\framework\web\CController.php(308): CInlineAction->runWithParams(Array)
#8 C:\inetpub\wwwroot\massaki\framework\web\CController.php(286): CController->runAction(Object(CInlineAction))
#9 C:\inetpub\wwwroot\massaki\framework\web\CController.php(265): CController->runActionWithFilters(Object(CInlineAction), Array)
#10 C:\inetpub\wwwroot\massaki\framework\web\CWebApplication.php(282): CController->run('index')
#11 C:\inetpub\wwwroot\massaki\framework\web\CWebApplication.php(141): CWebApplication->runController('site/index')
#12 C:\inetpub\wwwroot\massaki\framework\base\CApplication.php(184): CWebApplication->processRequest()
#13 C:\inetpub\wwwroot\massaki\Rechnungstool\index.php(13): CApplication->run()
#14 {main}
REQUEST_URI=/massaki/Rechnungstool/index.php?r=site/index
HTTP_REFERER=http://localhost:8888/massaki/Rechnungstool/index.php
---
2015/08/14 16:39:33 [error] [exception.CDbException] exception 'CDbException' with message 'The relation "defaultColConfig" in active record class "JvaData" is specified with an invalid foreign key "jvaColConfig". There is no such column in the table "DefaultColConfig".' in C:\inetpub\wwwroot\massaki\framework\db\ar\CActiveFinder.php:1101
Stack trace:
#0 C:\inetpub\wwwroot\massaki\framework\db\ar\CActiveFinder.php(1072): CJoinElement->joinOneMany(Object(CJoinElement), Array, Object(CJoinElement), Object(CJoinElement))
#1 C:\inetpub\wwwroot\massaki\framework\db\ar\CActiveFinder.php(1317): CJoinElement->getJoinCondition()
#2 C:\inetpub\wwwroot\massaki\framework\db\ar\CActiveFinder.php(795): CJoinQuery->join(Object(CJoinElement))
#3 C:\inetpub\wwwroot\massaki\framework\db\ar\CActiveFinder.php(438): CJoinElement->buildQuery(Object(CJoinQuery))
#4 C:\inetpub\wwwroot\massaki\framework\db\ar\CActiveFinder.php(68): CJoinElement->find(Object(CDbCriteria))
#5 C:\inetpub\wwwroot\massaki\framework\db\ar\CActiveRecord.php(1361): CActiveFinder->query(Object(CDbCriteria), true)
#6 C:\inetpub\wwwroot\massaki\framework\db\ar\CActiveRecord.php(1475): CActiveRecord->query(Object(CDbCriteria), true)
#7 C:\inetpub\wwwroot\massaki\Rechnungstool\protected\controllers\SiteController.php(40): CActiveRecord->findAll(Array)
#8 C:\inetpub\wwwroot\massaki\framework\web\actions\CInlineAction.php(49): SiteController->actionIndex()
#9 C:\inetpub\wwwroot\massaki\framework\web\CController.php(308): CInlineAction->runWithParams(Array)
#10 C:\inetpub\wwwroot\massaki\framework\web\CController.php(286): CController->runAction(Object(CInlineAction))
#11 C:\inetpub\wwwroot\massaki\framework\web\CController.php(265): CController->runActionWithFilters(Object(CInlineAction), Array)
#12 C:\inetpub\wwwroot\massaki\framework\web\CWebApplication.php(282): CController->run('index')
#13 C:\inetpub\wwwroot\massaki\framework\web\CWebApplication.php(141): CWebApplication->runController('site/index')
#14 C:\inetpub\wwwroot\massaki\framework\base\CApplication.php(184): CWebApplication->processRequest()
#15 C:\inetpub\wwwroot\massaki\Rechnungstool\index.php(13): CApplication->run()
#16 {main}
REQUEST_URI=/massaki/Rechnungstool/index.php?r=site/index
HTTP_REFERER=http://localhost:8888/massaki/Rechnungstool/index.php
---
2015/08/14 16:40:15 [error] [exception.CDbException] exception 'CDbException' with message 'The relation "defaultColConfig" in active record class "JvaData" is specified with an invalid foreign key "jvaColConfig". There is no such column in the table "DefaultColConfig".' in C:\inetpub\wwwroot\massaki\framework\db\ar\CActiveFinder.php:1101
Stack trace:
#0 C:\inetpub\wwwroot\massaki\framework\db\ar\CActiveFinder.php(1072): CJoinElement->joinOneMany(Object(CJoinElement), Array, Object(CJoinElement), Object(CJoinElement))
#1 C:\inetpub\wwwroot\massaki\framework\db\ar\CActiveFinder.php(1317): CJoinElement->getJoinCondition()
#2 C:\inetpub\wwwroot\massaki\framework\db\ar\CActiveFinder.php(795): CJoinQuery->join(Object(CJoinElement))
#3 C:\inetpub\wwwroot\massaki\framework\db\ar\CActiveFinder.php(438): CJoinElement->buildQuery(Object(CJoinQuery))
#4 C:\inetpub\wwwroot\massaki\framework\db\ar\CActiveFinder.php(68): CJoinElement->find(Object(CDbCriteria))
#5 C:\inetpub\wwwroot\massaki\framework\db\ar\CActiveRecord.php(1361): CActiveFinder->query(Object(CDbCriteria), true)
#6 C:\inetpub\wwwroot\massaki\framework\db\ar\CActiveRecord.php(1475): CActiveRecord->query(Object(CDbCriteria), true)
#7 C:\inetpub\wwwroot\massaki\Rechnungstool\protected\controllers\SiteController.php(40): CActiveRecord->findAll(Array)
#8 C:\inetpub\wwwroot\massaki\framework\web\actions\CInlineAction.php(49): SiteController->actionIndex()
#9 C:\inetpub\wwwroot\massaki\framework\web\CController.php(308): CInlineAction->runWithParams(Array)
#10 C:\inetpub\wwwroot\massaki\framework\web\CController.php(286): CController->runAction(Object(CInlineAction))
#11 C:\inetpub\wwwroot\massaki\framework\web\CController.php(265): CController->runActionWithFilters(Object(CInlineAction), Array)
#12 C:\inetpub\wwwroot\massaki\framework\web\CWebApplication.php(282): CController->run('index')
#13 C:\inetpub\wwwroot\massaki\framework\web\CWebApplication.php(141): CWebApplication->runController('site/index')
#14 C:\inetpub\wwwroot\massaki\framework\base\CApplication.php(184): CWebApplication->processRequest()
#15 C:\inetpub\wwwroot\massaki\Rechnungstool\index.php(13): CApplication->run()
#16 {main}
REQUEST_URI=/massaki/Rechnungstool/index.php?r=site/index
HTTP_REFERER=http://localhost:8888/massaki/Rechnungstool/index.php
---
2015/08/14 16:41:33 [error] [exception.CDbException] exception 'CDbException' with message 'The relation "colDef" in active record class "DefaultColConfig" is specified with an invalid foreign key "jvaColConfig". There is no such column in the table "ColDef".' in C:\inetpub\wwwroot\massaki\framework\db\ar\CActiveFinder.php:1101
Stack trace:
#0 C:\inetpub\wwwroot\massaki\framework\db\ar\CActiveFinder.php(1072): CJoinElement->joinOneMany(Object(CJoinElement), Array, Object(CJoinElement), Object(CJoinElement))
#1 C:\inetpub\wwwroot\massaki\framework\db\ar\CActiveFinder.php(1317): CJoinElement->getJoinCondition()
#2 C:\inetpub\wwwroot\massaki\framework\db\ar\CActiveFinder.php(795): CJoinQuery->join(Object(CJoinElement))
#3 C:\inetpub\wwwroot\massaki\framework\db\ar\CActiveFinder.php(796): CJoinElement->buildQuery(Object(CJoinQuery))
#4 C:\inetpub\wwwroot\massaki\framework\db\ar\CActiveFinder.php(438): CJoinElement->buildQuery(Object(CJoinQuery))
#5 C:\inetpub\wwwroot\massaki\framework\db\ar\CActiveFinder.php(68): CJoinElement->find(Object(CDbCriteria))
#6 C:\inetpub\wwwroot\massaki\framework\db\ar\CActiveRecord.php(1361): CActiveFinder->query(Object(CDbCriteria), true)
#7 C:\inetpub\wwwroot\massaki\framework\db\ar\CActiveRecord.php(1475): CActiveRecord->query(Object(CDbCriteria), true)
#8 C:\inetpub\wwwroot\massaki\Rechnungstool\protected\controllers\SiteController.php(43): CActiveRecord->findAll(Array)
#9 C:\inetpub\wwwroot\massaki\framework\web\actions\CInlineAction.php(49): SiteController->actionIndex()
#10 C:\inetpub\wwwroot\massaki\framework\web\CController.php(308): CInlineAction->runWithParams(Array)
#11 C:\inetpub\wwwroot\massaki\framework\web\CController.php(286): CController->runAction(Object(CInlineAction))
#12 C:\inetpub\wwwroot\massaki\framework\web\CController.php(265): CController->runActionWithFilters(Object(CInlineAction), Array)
#13 C:\inetpub\wwwroot\massaki\framework\web\CWebApplication.php(282): CController->run('index')
#14 C:\inetpub\wwwroot\massaki\framework\web\CWebApplication.php(141): CWebApplication->runController('site/index')
#15 C:\inetpub\wwwroot\massaki\framework\base\CApplication.php(184): CWebApplication->processRequest()
#16 C:\inetpub\wwwroot\massaki\Rechnungstool\index.php(13): CApplication->run()
#17 {main}
REQUEST_URI=/massaki/Rechnungstool/index.php?r=site/index
HTTP_REFERER=http://localhost:8888/massaki/Rechnungstool/index.php
---
2015/08/14 17:11:06 [error] [exception.CDbException] exception 'CDbException' with message 'Relation "colDef" is not defined in active record class "JvaData".' in C:\inetpub\wwwroot\massaki\framework\db\ar\CActiveFinder.php:226
Stack trace:
#0 C:\inetpub\wwwroot\massaki\framework\db\ar\CActiveFinder.php(210): CActiveFinder->buildJoinTree(Object(CJoinElement), 'colDef')
#1 C:\inetpub\wwwroot\massaki\framework\db\ar\CActiveFinder.php(299): CActiveFinder->buildJoinTree(Object(CJoinElement), 'colDef.defaultC...')
#2 C:\inetpub\wwwroot\massaki\framework\db\ar\CActiveFinder.php(48): CActiveFinder->buildJoinTree(Object(CJoinElement), Array)
#3 C:\inetpub\wwwroot\massaki\framework\db\ar\CActiveRecord.php(912): CActiveFinder->__construct(Object(JvaData), Array)
#4 C:\inetpub\wwwroot\massaki\framework\db\ar\CActiveRecord.php(1360): CActiveRecord->getActiveFinder(Array)
#5 C:\inetpub\wwwroot\massaki\framework\db\ar\CActiveRecord.php(1475): CActiveRecord->query(Object(CDbCriteria), true)
#6 C:\inetpub\wwwroot\massaki\Rechnungstool\protected\controllers\SiteController.php(44): CActiveRecord->findAll(Array)
#7 C:\inetpub\wwwroot\massaki\framework\web\actions\CInlineAction.php(49): SiteController->actionIndex()
#8 C:\inetpub\wwwroot\massaki\framework\web\CController.php(308): CInlineAction->runWithParams(Array)
#9 C:\inetpub\wwwroot\massaki\framework\web\CController.php(286): CController->runAction(Object(CInlineAction))
#10 C:\inetpub\wwwroot\massaki\framework\web\CController.php(265): CController->runActionWithFilters(Object(CInlineAction), Array)
#11 C:\inetpub\wwwroot\massaki\framework\web\CWebApplication.php(282): CController->run('index')
#12 C:\inetpub\wwwroot\massaki\framework\web\CWebApplication.php(141): CWebApplication->runController('site/index')
#13 C:\inetpub\wwwroot\massaki\framework\base\CApplication.php(184): CWebApplication->processRequest()
#14 C:\inetpub\wwwroot\massaki\Rechnungstool\index.php(13): CApplication->run()
#15 {main}
REQUEST_URI=/massaki/Rechnungstool/index.php?r=site/index
HTTP_REFERER=http://localhost:8888/massaki/Rechnungstool/index.php
---
2015/08/14 17:11:59 [error] [exception.CDbException] exception 'CDbException' with message 'The relation "defaultColConfig" in active record class "ColDef" is specified with an invalid foreign key "colConfigId". There is no such column in the table "ColDef".' in C:\inetpub\wwwroot\massaki\framework\db\ar\CActiveFinder.php:1101
Stack trace:
#0 C:\inetpub\wwwroot\massaki\framework\db\ar\CActiveFinder.php(1072): CJoinElement->joinOneMany(Object(CJoinElement), Array, Object(CJoinElement), Object(CJoinElement))
#1 C:\inetpub\wwwroot\massaki\framework\db\ar\CActiveFinder.php(1317): CJoinElement->getJoinCondition()
#2 C:\inetpub\wwwroot\massaki\framework\db\ar\CActiveFinder.php(795): CJoinQuery->join(Object(CJoinElement))
#3 C:\inetpub\wwwroot\massaki\framework\db\ar\CActiveFinder.php(796): CJoinElement->buildQuery(Object(CJoinQuery))
#4 C:\inetpub\wwwroot\massaki\framework\db\ar\CActiveFinder.php(796): CJoinElement->buildQuery(Object(CJoinQuery))
#5 C:\inetpub\wwwroot\massaki\framework\db\ar\CActiveFinder.php(438): CJoinElement->buildQuery(Object(CJoinQuery))
#6 C:\inetpub\wwwroot\massaki\framework\db\ar\CActiveFinder.php(68): CJoinElement->find(Object(CDbCriteria))
#7 C:\inetpub\wwwroot\massaki\framework\db\ar\CActiveRecord.php(1361): CActiveFinder->query(Object(CDbCriteria), true)
#8 C:\inetpub\wwwroot\massaki\framework\db\ar\CActiveRecord.php(1475): CActiveRecord->query(Object(CDbCriteria), true)
#9 C:\inetpub\wwwroot\massaki\Rechnungstool\protected\controllers\SiteController.php(44): CActiveRecord->findAll(Array)
#10 C:\inetpub\wwwroot\massaki\framework\web\actions\CInlineAction.php(49): SiteController->actionIndex()
#11 C:\inetpub\wwwroot\massaki\framework\web\CController.php(308): CInlineAction->runWithParams(Array)
#12 C:\inetpub\wwwroot\massaki\framework\web\CController.php(286): CController->runAction(Object(CInlineAction))
#13 C:\inetpub\wwwroot\massaki\framework\web\CController.php(265): CController->runActionWithFilters(Object(CInlineAction), Array)
#14 C:\inetpub\wwwroot\massaki\framework\web\CWebApplication.php(282): CController->run('index')
#15 C:\inetpub\wwwroot\massaki\framework\web\CWebApplication.php(141): CWebApplication->runController('site/index')
#16 C:\inetpub\wwwroot\massaki\framework\base\CApplication.php(184): CWebApplication->processRequest()
#17 C:\inetpub\wwwroot\massaki\Rechnungstool\index.php(13): CApplication->run()
#18 {main}
REQUEST_URI=/massaki/Rechnungstool/index.php?r=site/index
HTTP_REFERER=http://localhost:8888/massaki/Rechnungstool/index.php
---
2015/08/14 17:12:57 [error] [system.db.CDbCommand] CDbCommand::fetchAll() failed: SQLSTATE[42000]: Syntax error or access violation: 1066 Not unique table/alias: 'defaultColConfig'. The SQL statement executed was: SELECT `t`.`jvaDataId` AS `t0_c0`, `t`.`jvaName` AS `t0_c1`, `t`.`jvaAddress` AS `t0_c2`, `t`.`jvaColConfig` AS `t0_c3`, `t`.`jvaNameExt` AS `t0_c4`, `t`.`jvaFooter` AS `t0_c5`, `defaultColConfig`.`colConfigId` AS `t1_c0`, `defaultColConfig`.`col1` AS `t1_c1`, `defaultColConfig`.`col2` AS `t1_c2`, `defaultColConfig`.`col3` AS `t1_c3`, `defaultColConfig`.`col4` AS `t1_c4`, `defaultColConfig`.`col5` AS `t1_c5`, `defaultColConfig`.`col6` AS `t1_c6`, `defaultColConfig`.`col7` AS `t1_c7`, `defaultColConfig`.`col8` AS `t1_c8`, `defaultColConfig`.`col9` AS `t1_c9`, `defaultColConfig`.`col10` AS `t1_c10`, `defaultColConfig`.`col11` AS `t1_c11`, `defaultColConfig`.`col12` AS `t1_c12`, `colDef`.`colDefId` AS `t2_c0`, `colDef`.`colName` AS `t2_c1`, `defaultColConfig`.`colConfigId` AS `t3_c0`, `defaultColConfig`.`col1` AS `t3_c1`, `defaultColConfig`.`col2` AS `t3_c2`, `defaultColConfig`.`col3` AS `t3_c3`, `defaultColConfig`.`col4` AS `t3_c4`, `defaultColConfig`.`col5` AS `t3_c5`, `defaultColConfig`.`col6` AS `t3_c6`, `defaultColConfig`.`col7` AS `t3_c7`, `defaultColConfig`.`col8` AS `t3_c8`, `defaultColConfig`.`col9` AS `t3_c9`, `defaultColConfig`.`col10` AS `t3_c10`, `defaultColConfig`.`col11` AS `t3_c11`, `defaultColConfig`.`col12` AS `t3_c12` FROM `JvaData` `t`  LEFT OUTER JOIN `DefaultColConfig` `defaultColConfig` ON (`defaultColConfig`.`colConfigId`=`t`.`jvaColConfig`) LEFT OUTER JOIN `ColDef` `colDef` ON (`colDef`.`colDefId`=`defaultColConfig`.`colConfigId`) LEFT OUTER JOIN `DefaultColConfig` `defaultColConfig` ON (`colDef`.`colDefId`=`defaultColConfig`.`colConfigId`) WHERE (t.jvaDataId=:jvaDataId).
in C:\inetpub\wwwroot\massaki\Rechnungstool\protected\controllers\SiteController.php (44)
in C:\inetpub\wwwroot\massaki\Rechnungstool\index.php (13)
2015/08/14 17:12:57 [error] [exception.CDbException] exception 'CDbException' with message 'CDbCommand failed to execute the SQL statement: SQLSTATE[42000]: Syntax error or access violation: 1066 Not unique table/alias: 'defaultColConfig'. The SQL statement executed was: SELECT `t`.`jvaDataId` AS `t0_c0`, `t`.`jvaName` AS `t0_c1`, `t`.`jvaAddress` AS `t0_c2`, `t`.`jvaColConfig` AS `t0_c3`, `t`.`jvaNameExt` AS `t0_c4`, `t`.`jvaFooter` AS `t0_c5`, `defaultColConfig`.`colConfigId` AS `t1_c0`, `defaultColConfig`.`col1` AS `t1_c1`, `defaultColConfig`.`col2` AS `t1_c2`, `defaultColConfig`.`col3` AS `t1_c3`, `defaultColConfig`.`col4` AS `t1_c4`, `defaultColConfig`.`col5` AS `t1_c5`, `defaultColConfig`.`col6` AS `t1_c6`, `defaultColConfig`.`col7` AS `t1_c7`, `defaultColConfig`.`col8` AS `t1_c8`, `defaultColConfig`.`col9` AS `t1_c9`, `defaultColConfig`.`col10` AS `t1_c10`, `defaultColConfig`.`col11` AS `t1_c11`, `defaultColConfig`.`col12` AS `t1_c12`, `colDef`.`colDefId` AS `t2_c0`, `colDef`.`colName` AS `t2_c1`, `defaultColConfig`.`colConfigId` AS `t3_c0`, `defaultColConfig`.`col1` AS `t3_c1`, `defaultColConfig`.`col2` AS `t3_c2`, `defaultColConfig`.`col3` AS `t3_c3`, `defaultColConfig`.`col4` AS `t3_c4`, `defaultColConfig`.`col5` AS `t3_c5`, `defaultColConfig`.`col6` AS `t3_c6`, `defaultColConfig`.`col7` AS `t3_c7`, `defaultColConfig`.`col8` AS `t3_c8`, `defaultColConfig`.`col9` AS `t3_c9`, `defaultColConfig`.`col10` AS `t3_c10`, `defaultColConfig`.`col11` AS `t3_c11`, `defaultColConfig`.`col12` AS `t3_c12` FROM `JvaData` `t`  LEFT OUTER JOIN `DefaultColConfig` `defaultColConfig` ON (`defaultColConfig`.`colConfigId`=`t`.`jvaColConfig`) LEFT OUTER JOIN `ColDef` `colDef` ON (`colDef`.`colDefId`=`defaultColConfig`.`colConfigId`) LEFT OUTER JOIN `DefaultColConfig` `defaultColConfig` ON (`colDef`.`colDefId`=`defaultColConfig`.`colConfigId`) WHERE (t.jvaDataId=:jvaDataId)' in C:\inetpub\wwwroot\massaki\framework\db\CDbCommand.php:543
Stack trace:
#0 C:\inetpub\wwwroot\massaki\framework\db\CDbCommand.php(396): CDbCommand->queryInternal('fetchAll', Array, Array)
#1 C:\inetpub\wwwroot\massaki\framework\db\ar\CActiveFinder.php(808): CDbCommand->queryAll()
#2 C:\inetpub\wwwroot\massaki\framework\db\ar\CActiveFinder.php(440): CJoinElement->runQuery(Object(CJoinQuery))
#3 C:\inetpub\wwwroot\massaki\framework\db\ar\CActiveFinder.php(68): CJoinElement->find(Object(CDbCriteria))
#4 C:\inetpub\wwwroot\massaki\framework\db\ar\CActiveRecord.php(1361): CActiveFinder->query(Object(CDbCriteria), true)
#5 C:\inetpub\wwwroot\massaki\framework\db\ar\CActiveRecord.php(1475): CActiveRecord->query(Object(CDbCriteria), true)
#6 C:\inetpub\wwwroot\massaki\Rechnungstool\protected\controllers\SiteController.php(44): CActiveRecord->findAll(Array)
#7 C:\inetpub\wwwroot\massaki\framework\web\actions\CInlineAction.php(49): SiteController->actionIndex()
#8 C:\inetpub\wwwroot\massaki\framework\web\CController.php(308): CInlineAction->runWithParams(Array)
#9 C:\inetpub\wwwroot\massaki\framework\web\CController.php(286): CController->runAction(Object(CInlineAction))
#10 C:\inetpub\wwwroot\massaki\framework\web\CController.php(265): CController->runActionWithFilters(Object(CInlineAction), Array)
#11 C:\inetpub\wwwroot\massaki\framework\web\CWebApplication.php(282): CController->run('index')
#12 C:\inetpub\wwwroot\massaki\framework\web\CWebApplication.php(141): CWebApplication->runController('site/index')
#13 C:\inetpub\wwwroot\massaki\framework\base\CApplication.php(184): CWebApplication->processRequest()
#14 C:\inetpub\wwwroot\massaki\Rechnungstool\index.php(13): CApplication->run()
#15 {main}
REQUEST_URI=/massaki/Rechnungstool/index.php?r=site/index
HTTP_REFERER=http://localhost:8888/massaki/Rechnungstool/index.php
---
2015/08/14 17:16:35 [error] [exception.CDbException] exception 'CDbException' with message 'Relation "defaultColConfig" is not defined in active record class "ColDef".' in C:\inetpub\wwwroot\massaki\framework\db\ar\CActiveFinder.php:226
Stack trace:
#0 C:\inetpub\wwwroot\massaki\framework\db\ar\CActiveFinder.php(299): CActiveFinder->buildJoinTree(Object(CJoinElement), 'defaultColConfi...')
#1 C:\inetpub\wwwroot\massaki\framework\db\ar\CActiveFinder.php(48): CActiveFinder->buildJoinTree(Object(CJoinElement), Array)
#2 C:\inetpub\wwwroot\massaki\framework\db\ar\CActiveRecord.php(912): CActiveFinder->__construct(Object(JvaData), Array)
#3 C:\inetpub\wwwroot\massaki\framework\db\ar\CActiveRecord.php(1360): CActiveRecord->getActiveFinder(Array)
#4 C:\inetpub\wwwroot\massaki\framework\db\ar\CActiveRecord.php(1475): CActiveRecord->query(Object(CDbCriteria), true)
#5 C:\inetpub\wwwroot\massaki\Rechnungstool\protected\controllers\SiteController.php(44): CActiveRecord->findAll(Array)
#6 C:\inetpub\wwwroot\massaki\framework\web\actions\CInlineAction.php(49): SiteController->actionIndex()
#7 C:\inetpub\wwwroot\massaki\framework\web\CController.php(308): CInlineAction->runWithParams(Array)
#8 C:\inetpub\wwwroot\massaki\framework\web\CController.php(286): CController->runAction(Object(CInlineAction))
#9 C:\inetpub\wwwroot\massaki\framework\web\CController.php(265): CController->runActionWithFilters(Object(CInlineAction), Array)
#10 C:\inetpub\wwwroot\massaki\framework\web\CWebApplication.php(282): CController->run('index')
#11 C:\inetpub\wwwroot\massaki\framework\web\CWebApplication.php(141): CWebApplication->runController('site/index')
#12 C:\inetpub\wwwroot\massaki\framework\base\CApplication.php(184): CWebApplication->processRequest()
#13 C:\inetpub\wwwroot\massaki\Rechnungstool\index.php(13): CApplication->run()
#14 {main}
REQUEST_URI=/massaki/Rechnungstool/index.php?r=site/index
HTTP_REFERER=http://localhost:8888/massaki/Rechnungstool/index.php
---
2015/08/14 17:18:55 [error] [exception.CDbException] exception 'CDbException' with message 'The relation "colDef" in active record class "DefaultColConfig" is specified with an invalid foreign key "colDefId". There is no such column in the table "DefaultColConfig".' in C:\inetpub\wwwroot\massaki\framework\db\ar\CActiveFinder.php:1101
Stack trace:
#0 C:\inetpub\wwwroot\massaki\framework\db\ar\CActiveFinder.php(1072): CJoinElement->joinOneMany(Object(CJoinElement), Array, Object(CJoinElement), Object(CJoinElement))
#1 C:\inetpub\wwwroot\massaki\framework\db\ar\CActiveFinder.php(1317): CJoinElement->getJoinCondition()
#2 C:\inetpub\wwwroot\massaki\framework\db\ar\CActiveFinder.php(795): CJoinQuery->join(Object(CJoinElement))
#3 C:\inetpub\wwwroot\massaki\framework\db\ar\CActiveFinder.php(796): CJoinElement->buildQuery(Object(CJoinQuery))
#4 C:\inetpub\wwwroot\massaki\framework\db\ar\CActiveFinder.php(438): CJoinElement->buildQuery(Object(CJoinQuery))
#5 C:\inetpub\wwwroot\massaki\framework\db\ar\CActiveFinder.php(68): CJoinElement->find(Object(CDbCriteria))
#6 C:\inetpub\wwwroot\massaki\framework\db\ar\CActiveRecord.php(1361): CActiveFinder->query(Object(CDbCriteria), true)
#7 C:\inetpub\wwwroot\massaki\framework\db\ar\CActiveRecord.php(1475): CActiveRecord->query(Object(CDbCriteria), true)
#8 C:\inetpub\wwwroot\massaki\Rechnungstool\protected\controllers\SiteController.php(44): CActiveRecord->findAll(Array)
#9 C:\inetpub\wwwroot\massaki\framework\web\actions\CInlineAction.php(49): SiteController->actionIndex()
#10 C:\inetpub\wwwroot\massaki\framework\web\CController.php(308): CInlineAction->runWithParams(Array)
#11 C:\inetpub\wwwroot\massaki\framework\web\CController.php(286): CController->runAction(Object(CInlineAction))
#12 C:\inetpub\wwwroot\massaki\framework\web\CController.php(265): CController->runActionWithFilters(Object(CInlineAction), Array)
#13 C:\inetpub\wwwroot\massaki\framework\web\CWebApplication.php(282): CController->run('index')
#14 C:\inetpub\wwwroot\massaki\framework\web\CWebApplication.php(141): CWebApplication->runController('site/index')
#15 C:\inetpub\wwwroot\massaki\framework\base\CApplication.php(184): CWebApplication->processRequest()
#16 C:\inetpub\wwwroot\massaki\Rechnungstool\index.php(13): CApplication->run()
#17 {main}
REQUEST_URI=/massaki/Rechnungstool/index.php?r=site/index
HTTP_REFERER=http://localhost:8888/massaki/Rechnungstool/index.php
---
2015/08/14 17:20:14 [error] [php] preg_match() expects parameter 2 to be string, array given (C:\inetpub\wwwroot\massaki\framework\db\ar\CActiveRecord.php:2337)
Stack trace:
#0 C:\inetpub\wwwroot\massaki\framework\db\ar\CActiveFinder.php(1037): CManyManyRelation->getJunctionTableName()
#1 C:\inetpub\wwwroot\massaki\framework\db\ar\CActiveFinder.php(1317): CJoinElement->getJoinCondition()
#2 C:\inetpub\wwwroot\massaki\framework\db\ar\CActiveFinder.php(795): CJoinQuery->join()
#3 C:\inetpub\wwwroot\massaki\framework\db\ar\CActiveFinder.php(796): CJoinElement->buildQuery()
#4 C:\inetpub\wwwroot\massaki\framework\db\ar\CActiveFinder.php(438): CJoinElement->buildQuery()
#5 C:\inetpub\wwwroot\massaki\framework\db\ar\CActiveFinder.php(68): CJoinElement->find()
#6 C:\inetpub\wwwroot\massaki\framework\db\ar\CActiveRecord.php(1361): CActiveFinder->query()
#7 C:\inetpub\wwwroot\massaki\framework\db\ar\CActiveRecord.php(1475): JvaData->query()
#8 C:\inetpub\wwwroot\massaki\Rechnungstool\protected\controllers\SiteController.php(44): JvaData->findAll()
#9 C:\inetpub\wwwroot\massaki\framework\web\actions\CInlineAction.php(49): SiteController->actionIndex()
#10 C:\inetpub\wwwroot\massaki\framework\web\CController.php(308): CInlineAction->runWithParams()
#11 C:\inetpub\wwwroot\massaki\framework\web\CController.php(286): SiteController->runAction()
#12 C:\inetpub\wwwroot\massaki\framework\web\CController.php(265): SiteController->runActionWithFilters()
#13 C:\inetpub\wwwroot\massaki\framework\web\CWebApplication.php(282): SiteController->run()
#14 C:\inetpub\wwwroot\massaki\framework\web\CWebApplication.php(141): CWebApplication->runController()
#15 C:\inetpub\wwwroot\massaki\framework\base\CApplication.php(184): CWebApplication->processRequest()
#16 C:\inetpub\wwwroot\massaki\Rechnungstool\index.php(13): CWebApplication->run()
REQUEST_URI=/massaki/Rechnungstool/index.php?r=site/index
in C:\inetpub\wwwroot\massaki\Rechnungstool\protected\controllers\SiteController.php (44)
in C:\inetpub\wwwroot\massaki\Rechnungstool\index.php (13)
2015/08/14 17:33:08 [error] [exception.CDbException] exception 'CDbException' with message 'Active record "DefaultColConfig" has an invalid configuration for relation "colDef1". It must specify the relation type, the related active record class and the foreign key.' in C:\inetpub\wwwroot\massaki\framework\db\ar\CActiveRecord.php:2434
Stack trace:
#0 C:\inetpub\wwwroot\massaki\framework\db\ar\CActiveRecord.php(2413): CActiveRecordMetaData->addRelation('colDef1', Array)
#1 C:\inetpub\wwwroot\massaki\framework\db\ar\CActiveRecord.php(411): CActiveRecordMetaData->__construct(Object(DefaultColConfig))
#2 C:\inetpub\wwwroot\massaki\framework\db\ar\CActiveRecord.php(661): CActiveRecord->getMetaData()
#3 C:\inetpub\wwwroot\massaki\framework\db\ar\CActiveFinder.php(386): CActiveRecord->getTableSchema()
#4 C:\inetpub\wwwroot\massaki\framework\db\ar\CActiveFinder.php(281): CJoinElement->__construct(Object(CActiveFinder), Object(CHasOneRelation), Object(CJoinElement), 1)
#5 C:\inetpub\wwwroot\massaki\framework\db\ar\CActiveFinder.php(299): CActiveFinder->buildJoinTree(Object(CJoinElement), 'defaultColConfi...')
#6 C:\inetpub\wwwroot\massaki\framework\db\ar\CActiveFinder.php(48): CActiveFinder->buildJoinTree(Object(CJoinElement), Array)
#7 C:\inetpub\wwwroot\massaki\framework\db\ar\CActiveRecord.php(912): CActiveFinder->__construct(Object(JvaData), Array)
#8 C:\inetpub\wwwroot\massaki\framework\db\ar\CActiveRecord.php(1360): CActiveRecord->getActiveFinder(Array)
#9 C:\inetpub\wwwroot\massaki\framework\db\ar\CActiveRecord.php(1475): CActiveRecord->query(Object(CDbCriteria), true)
#10 C:\inetpub\wwwroot\massaki\Rechnungstool\protected\controllers\SiteController.php(44): CActiveRecord->findAll(Array)
#11 C:\inetpub\wwwroot\massaki\framework\web\actions\CInlineAction.php(49): SiteController->actionIndex()
#12 C:\inetpub\wwwroot\massaki\framework\web\CController.php(308): CInlineAction->runWithParams(Array)
#13 C:\inetpub\wwwroot\massaki\framework\web\CController.php(286): CController->runAction(Object(CInlineAction))
#14 C:\inetpub\wwwroot\massaki\framework\web\CController.php(265): CController->runActionWithFilters(Object(CInlineAction), Array)
#15 C:\inetpub\wwwroot\massaki\framework\web\CWebApplication.php(282): CController->run('index')
#16 C:\inetpub\wwwroot\massaki\framework\web\CWebApplication.php(141): CWebApplication->runController('site/index')
#17 C:\inetpub\wwwroot\massaki\framework\base\CApplication.php(184): CWebApplication->processRequest()
#18 C:\inetpub\wwwroot\massaki\Rechnungstool\index.php(13): CApplication->run()
#19 {main}
REQUEST_URI=/massaki/Rechnungstool/index.php?r=site/index
HTTP_REFERER=http://localhost:8888/massaki/Rechnungstool/index.php
---
2015/08/14 17:36:24 [error] [php] Trying to get property of non-object (C:\inetpub\wwwroot\massaki\Rechnungstool\protected\controllers\SiteController.php:57)
Stack trace:
#0 C:\inetpub\wwwroot\massaki\framework\web\CController.php(286): SiteController->runAction()
#1 C:\inetpub\wwwroot\massaki\framework\web\CController.php(265): SiteController->runActionWithFilters()
#2 C:\inetpub\wwwroot\massaki\framework\web\CWebApplication.php(282): SiteController->run()
#3 C:\inetpub\wwwroot\massaki\framework\web\CWebApplication.php(141): CWebApplication->runController()
#4 C:\inetpub\wwwroot\massaki\framework\base\CApplication.php(184): CWebApplication->processRequest()
#5 C:\inetpub\wwwroot\massaki\Rechnungstool\index.php(13): CWebApplication->run()
REQUEST_URI=/massaki/Rechnungstool/index.php?r=site/index
in C:\inetpub\wwwroot\massaki\Rechnungstool\protected\controllers\SiteController.php (57)
in C:\inetpub\wwwroot\massaki\Rechnungstool\index.php (13)
2015/08/14 17:37:21 [error] [exception.CException] exception 'CException' with message 'Property "JvaData.colDef1" is not defined.' in C:\inetpub\wwwroot\massaki\framework\base\CComponent.php:130
Stack trace:
#0 C:\inetpub\wwwroot\massaki\framework\db\ar\CActiveRecord.php(145): CComponent->__get('colDef1')
#1 C:\inetpub\wwwroot\massaki\Rechnungstool\protected\controllers\SiteController.php(58): CActiveRecord->__get('colDef1')
#2 C:\inetpub\wwwroot\massaki\framework\web\actions\CInlineAction.php(49): SiteController->actionIndex()
#3 C:\inetpub\wwwroot\massaki\framework\web\CController.php(308): CInlineAction->runWithParams(Array)
#4 C:\inetpub\wwwroot\massaki\framework\web\CController.php(286): CController->runAction(Object(CInlineAction))
#5 C:\inetpub\wwwroot\massaki\framework\web\CController.php(265): CController->runActionWithFilters(Object(CInlineAction), Array)
#6 C:\inetpub\wwwroot\massaki\framework\web\CWebApplication.php(282): CController->run('index')
#7 C:\inetpub\wwwroot\massaki\framework\web\CWebApplication.php(141): CWebApplication->runController('site/index')
#8 C:\inetpub\wwwroot\massaki\framework\base\CApplication.php(184): CWebApplication->processRequest()
#9 C:\inetpub\wwwroot\massaki\Rechnungstool\index.php(13): CApplication->run()
#10 {main}
REQUEST_URI=/massaki/Rechnungstool/index.php?r=site/index
HTTP_REFERER=http://localhost:8888/massaki/Rechnungstool/index.php
---
2015/08/14 17:37:46 [error] [php] Object of class ColDef could not be converted to string (C:\inetpub\wwwroot\massaki\Rechnungstool\protected\controllers\SiteController.php:58)
Stack trace:
#0 C:\inetpub\wwwroot\massaki\framework\web\CController.php(286): SiteController->runAction()
#1 C:\inetpub\wwwroot\massaki\framework\web\CController.php(265): SiteController->runActionWithFilters()
#2 C:\inetpub\wwwroot\massaki\framework\web\CWebApplication.php(282): SiteController->run()
#3 C:\inetpub\wwwroot\massaki\framework\web\CWebApplication.php(141): CWebApplication->runController()
#4 C:\inetpub\wwwroot\massaki\framework\base\CApplication.php(184): CWebApplication->processRequest()
#5 C:\inetpub\wwwroot\massaki\Rechnungstool\index.php(13): CWebApplication->run()
REQUEST_URI=/massaki/Rechnungstool/index.php?r=site/index
in C:\inetpub\wwwroot\massaki\Rechnungstool\protected\controllers\SiteController.php (58)
in C:\inetpub\wwwroot\massaki\Rechnungstool\index.php (13)
2015/08/14 17:38:21 [error] [php] Object of class DefaultColConfig could not be converted to string (C:\inetpub\wwwroot\massaki\Rechnungstool\protected\controllers\SiteController.php:59)
Stack trace:
#0 C:\inetpub\wwwroot\massaki\framework\web\CController.php(286): SiteController->runAction()
#1 C:\inetpub\wwwroot\massaki\framework\web\CController.php(265): SiteController->runActionWithFilters()
#2 C:\inetpub\wwwroot\massaki\framework\web\CWebApplication.php(282): SiteController->run()
#3 C:\inetpub\wwwroot\massaki\framework\web\CWebApplication.php(141): CWebApplication->runController()
#4 C:\inetpub\wwwroot\massaki\framework\base\CApplication.php(184): CWebApplication->processRequest()
#5 C:\inetpub\wwwroot\massaki\Rechnungstool\index.php(13): CWebApplication->run()
REQUEST_URI=/massaki/Rechnungstool/index.php?r=site/index
in C:\inetpub\wwwroot\massaki\Rechnungstool\protected\controllers\SiteController.php (59)
in C:\inetpub\wwwroot\massaki\Rechnungstool\index.php (13)
